{"/home/ian/no_subject_webscraper/app/source/graphGenerator.js":{"path":"/home/ian/no_subject_webscraper/app/source/graphGenerator.js","s":{"1":1,"2":1,"3":1,"4":12,"5":12,"6":12,"7":12,"8":12,"9":12,"10":1,"11":1,"12":1,"13":1,"14":0,"15":1,"16":1,"17":1,"18":1,"19":1,"20":1,"21":1,"22":1,"23":1,"24":2,"25":1,"26":3,"27":10,"28":10,"29":1,"30":35,"31":35,"32":35,"33":0,"34":0,"35":35,"36":10,"37":25,"38":25,"39":0,"40":10,"41":1,"42":1,"43":0,"44":1,"45":1,"46":1,"47":1,"48":1,"49":1,"50":1,"51":0,"52":0,"53":0,"54":5,"55":5,"56":635,"57":290,"58":345,"59":345,"60":0,"61":5,"62":148,"63":0,"64":5,"65":153,"66":5,"67":0,"68":0,"69":0,"70":5,"71":0,"72":15,"73":15,"74":8554,"75":3876,"76":4678,"77":4673,"78":5,"79":15,"80":1282,"81":16,"82":15,"83":1281,"84":15,"85":0,"86":87,"87":87,"88":139887,"89":86,"90":0,"91":2,"92":2,"93":3,"94":2,"95":0,"96":1,"97":5,"98":5,"99":15,"100":15,"101":5,"102":5,"103":5,"104":16520,"105":985,"106":5,"107":5,"108":5,"109":5,"110":5,"111":0,"112":0,"113":0,"114":5,"115":1,"116":5,"117":1,"118":5,"119":5,"120":129,"121":175179,"122":5,"123":5,"124":5,"125":5,"126":5,"127":5,"128":5,"129":56,"130":56,"131":55,"132":5,"133":16530,"134":5,"135":5,"136":16525,"137":87572,"138":16426,"139":16426,"140":71146,"141":71047,"142":71047,"143":99,"144":99,"145":71047,"146":71047,"147":71047,"148":16525,"149":16525,"150":16525,"151":5,"152":5,"153":5,"154":5,"155":5,"156":5,"157":5,"158":5,"159":5,"160":5,"161":5,"162":5,"163":5,"164":0,"165":0,"166":0,"167":5,"168":1,"169":5,"170":0,"171":0,"172":0,"173":0,"174":0,"175":0,"176":0,"177":0,"178":0,"179":0,"180":0,"181":6,"182":6,"183":168,"184":168,"185":6,"186":1,"187":0,"188":0,"189":0,"190":0,"191":0,"192":0,"193":0,"194":0,"195":0,"196":0,"197":0,"198":0,"199":0,"200":0,"201":0,"202":0,"203":0,"204":0,"205":0,"206":0,"207":0,"208":0,"209":0,"210":0,"211":0,"212":1,"213":0,"214":0,"215":0,"216":0,"217":0,"218":0,"219":0,"220":0,"221":0,"222":1,"223":1,"224":1},"b":{"1":[12,12],"2":[12,0],"3":[1,0],"4":[0,1],"5":[1,1],"6":[2,2],"7":[10,25],"8":[0,1],"9":[290,345],"10":[345,0],"11":[0,148],"12":[148,148],"13":[0,0],"14":[3876,4678],"15":[4673,5],"16":[16,1266],"17":[1282,1282],"18":[86,139801],"19":[2,1],"20":[5,5,0,0,5],"21":[985,15535],"22":[5,5,16530,87572,71047,16525,5,5,5,5,0,0,5],"23":[55,1],"24":[5,16525],"25":[16426,71146],"26":[71047,99],"27":[0,0],"28":[0,0],"29":[0,0],"30":[0,0],"31":[0,0,0,0,0,0,0,0],"32":[0,0]},"f":{"1":1,"2":1,"3":1,"4":2,"5":3,"6":10,"7":10,"8":35,"9":25,"10":0,"11":1,"12":1,"13":1,"14":0,"15":5,"16":635,"17":153,"18":0,"19":0,"20":15,"21":8554,"22":1281,"23":87,"24":2,"25":1,"26":5,"27":15,"28":5,"29":1,"30":5,"31":129,"32":5,"33":0,"34":6,"35":1,"36":0,"37":0,"38":0,"39":0,"40":0},"fnMap":{"1":{"name":"(anonymous_1)","line":3,"loc":{"start":{"line":0,"column":0},"end":{"line":0,"column":0},"skip":true},"skip":true},"2":{"name":"defineProperties","line":3,"loc":{"start":{"line":0,"column":0},"end":{"line":0,"column":0},"skip":true},"skip":true},"3":{"name":"(anonymous_3)","line":3,"loc":{"start":{"line":0,"column":0},"end":{"line":0,"column":0},"skip":true},"skip":true},"4":{"name":"_interopRequireDefault","line":21,"loc":{"start":{"line":0,"column":0},"end":{"line":0,"column":0},"skip":true},"skip":true},"5":{"name":"_asyncToGenerator","line":23,"loc":{"start":{"line":0,"column":0},"end":{"line":0,"column":0},"skip":true},"skip":true},"6":{"name":"(anonymous_6)","line":23,"loc":{"start":{"line":0,"column":0},"end":{"line":0,"column":0},"skip":true},"skip":true},"7":{"name":"(anonymous_7)","line":23,"loc":{"start":{"line":0,"column":0},"end":{"line":0,"column":0},"skip":true},"skip":true},"8":{"name":"step","line":23,"loc":{"start":{"line":0,"column":0},"end":{"line":0,"column":0},"skip":true},"skip":true},"9":{"name":"(anonymous_9)","line":23,"loc":{"start":{"line":0,"column":0},"end":{"line":0,"column":0},"skip":true},"skip":true},"10":{"name":"(anonymous_10)","line":23,"loc":{"start":{"line":0,"column":0},"end":{"line":0,"column":0},"skip":true},"skip":true},"11":{"name":"_classCallCheck","line":25,"loc":{"start":{"line":0,"column":0},"end":{"line":0,"column":0},"skip":true},"skip":true},"12":{"name":"(anonymous_12)","line":27,"loc":{"start":{"line":6,"column":20},"end":{"line":6,"column":20}}},"13":{"name":"GraphGenerator","line":28,"loc":{"start":{"line":7,"column":2},"end":{"line":7,"column":16}}},"14":{"name":"clearGraph","line":38,"loc":{"start":{"line":0,"column":0},"end":{"line":0,"column":0},"skip":true},"skip":true},"15":{"name":"ensureNodeUniqueness","line":45,"loc":{"start":{"line":0,"column":0},"end":{"line":0,"column":0},"skip":true},"skip":true},"16":{"name":"(anonymous_16)","line":48,"loc":{"start":{"line":22,"column":25},"end":{"line":22,"column":35}}},"17":{"name":"(anonymous_17)","line":64,"loc":{"start":{"line":38,"column":27},"end":{"line":38,"column":40}}},"18":{"name":"(anonymous_18)","line":68,"loc":{"start":{"line":42,"column":27},"end":{"line":42,"column":43}}},"19":{"name":"(anonymous_19)","line":69,"loc":{"start":{"line":43,"column":18},"end":{"line":43,"column":28}}},"20":{"name":"ensureArticleUniqueness","line":82,"loc":{"start":{"line":0,"column":0},"end":{"line":0,"column":0},"skip":true},"skip":true},"21":{"name":"(anonymous_21)","line":85,"loc":{"start":{"line":58,"column":31},"end":{"line":58,"column":41}}},"22":{"name":"(anonymous_22)","line":100,"loc":{"start":{"line":73,"column":33},"end":{"line":73,"column":46}}},"23":{"name":"fetchArticle","line":110,"loc":{"start":{"line":0,"column":0},"end":{"line":0,"column":0},"skip":true},"skip":true},"24":{"name":"findNode","line":123,"loc":{"start":{"line":0,"column":0},"end":{"line":0,"column":0},"skip":true},"skip":true},"25":{"name":"(anonymous_25)","line":136,"loc":{"start":{"line":0,"column":0},"end":{"line":0,"column":0},"skip":true},"skip":true},"26":{"name":"_callee","line":137,"loc":{"start":{"line":0,"column":0},"end":{"line":0,"column":0},"skip":true},"skip":true},"27":{"name":"_callee$","line":139,"loc":{"start":{"line":0,"column":0},"end":{"line":0,"column":0},"skip":true},"skip":true},"28":{"name":"generateArticles","line":174,"loc":{"start":{"line":0,"column":0},"end":{"line":0,"column":0},"skip":true},"skip":true},"29":{"name":"(anonymous_29)","line":180,"loc":{"start":{"line":0,"column":0},"end":{"line":0,"column":0},"skip":true},"skip":true},"30":{"name":"_callee2","line":181,"loc":{"start":{"line":0,"column":0},"end":{"line":0,"column":0},"skip":true},"skip":true},"31":{"name":"_callee2$","line":184,"loc":{"start":{"line":0,"column":0},"end":{"line":0,"column":0},"skip":true},"skip":true},"32":{"name":"generateLinkedNodes","line":274,"loc":{"start":{"line":0,"column":0},"end":{"line":0,"column":0},"skip":true},"skip":true},"33":{"name":"generateLinks","line":280,"loc":{"start":{"line":0,"column":0},"end":{"line":0,"column":0},"skip":true},"skip":true},"34":{"name":"generateNodes","line":303,"loc":{"start":{"line":0,"column":0},"end":{"line":0,"column":0},"skip":true},"skip":true},"35":{"name":"(anonymous_35)","line":315,"loc":{"start":{"line":0,"column":0},"end":{"line":0,"column":0},"skip":true},"skip":true},"36":{"name":"_callee3","line":316,"loc":{"start":{"line":0,"column":0},"end":{"line":0,"column":0},"skip":true},"skip":true},"37":{"name":"_callee3$","line":319,"loc":{"start":{"line":0,"column":0},"end":{"line":0,"column":0},"skip":true},"skip":true},"38":{"name":"populateNodes","line":367,"loc":{"start":{"line":0,"column":0},"end":{"line":0,"column":0},"skip":true},"skip":true},"39":{"name":"removeNode","line":373,"loc":{"start":{"line":0,"column":0},"end":{"line":0,"column":0},"skip":true},"skip":true},"40":{"name":"shuffle","line":379,"loc":{"start":{"line":0,"column":0},"end":{"line":0,"column":0},"skip":true},"skip":true}},"statementMap":{"1":{"start":{"line":0,"column":0},"end":{"line":0,"column":0},"skip":true},"2":{"start":{"line":0,"column":0},"end":{"line":0,"column":0},"skip":true},"3":{"start":{"line":0,"column":0},"end":{"line":0,"column":0},"skip":true},"4":{"start":{"line":0,"column":0},"end":{"line":0,"column":0},"skip":true},"5":{"start":{"line":0,"column":0},"end":{"line":0,"column":0},"skip":true},"6":{"start":{"line":0,"column":0},"end":{"line":0,"column":0},"skip":true},"7":{"start":{"line":0,"column":0},"end":{"line":0,"column":0},"skip":true},"8":{"start":{"line":0,"column":0},"end":{"line":0,"column":0},"skip":true},"9":{"start":{"line":0,"column":0},"end":{"line":0,"column":0},"skip":true},"10":{"start":{"line":0,"column":0},"end":{"line":0,"column":0},"skip":true},"11":{"start":{"line":0,"column":0},"end":{"line":0,"column":0},"skip":true},"12":{"start":{"line":0,"column":0},"end":{"line":0,"column":0},"skip":true},"13":{"start":{"line":0,"column":0},"end":{"line":0,"column":0},"skip":true},"14":{"start":{"line":0,"column":0},"end":{"line":0,"column":0},"skip":true},"15":{"start":{"line":0,"column":0},"end":{"line":0,"column":0},"skip":true},"16":{"start":{"line":0,"column":0},"end":{"line":0,"column":0},"skip":true},"17":{"start":{"line":0,"column":0},"end":{"line":0,"column":0},"skip":true},"18":{"start":{"line":0,"column":0},"end":{"line":0,"column":0},"skip":true},"19":{"start":{"line":0,"column":0},"end":{"line":0,"column":0},"skip":true},"20":{"start":{"line":0,"column":0},"end":{"line":0,"column":0},"skip":true},"21":{"start":{"line":0,"column":0},"end":{"line":0,"column":0},"skip":true},"22":{"start":{"line":0,"column":0},"end":{"line":0,"column":0},"skip":true},"23":{"start":{"line":0,"column":0},"end":{"line":0,"column":0},"skip":true},"24":{"start":{"line":0,"column":0},"end":{"line":0,"column":0},"skip":true},"25":{"start":{"line":0,"column":0},"end":{"line":0,"column":0},"skip":true},"26":{"start":{"line":0,"column":0},"end":{"line":0,"column":0},"skip":true},"27":{"start":{"line":0,"column":0},"end":{"line":0,"column":0},"skip":true},"28":{"start":{"line":0,"column":0},"end":{"line":0,"column":0},"skip":true},"29":{"start":{"line":0,"column":0},"end":{"line":0,"column":0},"skip":true},"30":{"start":{"line":0,"column":0},"end":{"line":0,"column":0},"skip":true},"31":{"start":{"line":0,"column":0},"end":{"line":0,"column":0},"skip":true},"32":{"start":{"line":0,"column":0},"end":{"line":0,"column":0},"skip":true},"33":{"start":{"line":0,"column":0},"end":{"line":0,"column":0},"skip":true},"34":{"start":{"line":0,"column":0},"end":{"line":0,"column":0},"skip":true},"35":{"start":{"line":0,"column":0},"end":{"line":0,"column":0},"skip":true},"36":{"start":{"line":0,"column":0},"end":{"line":0,"column":0},"skip":true},"37":{"start":{"line":0,"column":0},"end":{"line":0,"column":0},"skip":true},"38":{"start":{"line":0,"column":0},"end":{"line":0,"column":0},"skip":true},"39":{"start":{"line":0,"column":0},"end":{"line":0,"column":0},"skip":true},"40":{"start":{"line":0,"column":0},"end":{"line":0,"column":0},"skip":true},"41":{"start":{"line":0,"column":0},"end":{"line":0,"column":0},"skip":true},"42":{"start":{"line":0,"column":0},"end":{"line":0,"column":0},"skip":true},"43":{"start":{"line":0,"column":0},"end":{"line":0,"column":0},"skip":true},"44":{"start":{"line":0,"column":0},"end":{"line":0,"column":0},"skip":true},"45":{"start":{"line":7,"column":2},"end":{"line":11,"column":3}},"46":{"start":{"line":0,"column":0},"end":{"line":0,"column":0},"skip":true},"47":{"start":{"line":8,"column":4},"end":{"line":8,"column":29}},"48":{"start":{"line":9,"column":4},"end":{"line":9,"column":26}},"49":{"start":{"line":10,"column":4},"end":{"line":10,"column":31}},"50":{"start":{"line":0,"column":0},"end":{"line":0,"column":0},"skip":true},"51":{"start":{"line":14,"column":4},"end":{"line":14,"column":25}},"52":{"start":{"line":15,"column":4},"end":{"line":15,"column":45}},"53":{"start":{"line":16,"column":4},"end":{"line":16,"column":28}},"54":{"start":{"line":20,"column":4},"end":{"line":52,"column":5}},"55":{"start":{"line":22,"column":6},"end":{"line":30,"column":8}},"56":{"start":{"line":23,"column":8},"end":{"line":29,"column":9}},"57":{"start":{"line":24,"column":10},"end":{"line":24,"column":20}},"58":{"start":{"line":25,"column":15},"end":{"line":29,"column":9}},"59":{"start":{"line":26,"column":10},"end":{"line":26,"column":19}},"60":{"start":{"line":28,"column":10},"end":{"line":28,"column":19}},"61":{"start":{"line":30,"column":9},"end":{"line":36,"column":7}},"62":{"start":{"line":33,"column":8},"end":{"line":35,"column":9}},"63":{"start":{"line":34,"column":10},"end":{"line":34,"column":26}},"64":{"start":{"line":36,"column":7},"end":{"line":40,"column":8}},"65":{"start":{"line":39,"column":8},"end":{"line":39,"column":48}},"66":{"start":{"line":40,"column":9},"end":{"line":48,"column":9}},"67":{"start":{"line":43,"column":8},"end":{"line":47,"column":11}},"68":{"start":{"line":44,"column":10},"end":{"line":46,"column":11}},"69":{"start":{"line":45,"column":12},"end":{"line":45,"column":49}},"70":{"start":{"line":49,"column":6},"end":{"line":49,"column":36}},"71":{"start":{"line":51,"column":6},"end":{"line":51,"column":35}},"72":{"start":{"line":56,"column":4},"end":{"line":79,"column":5}},"73":{"start":{"line":58,"column":6},"end":{"line":66,"column":8}},"74":{"start":{"line":59,"column":8},"end":{"line":65,"column":9}},"75":{"start":{"line":60,"column":10},"end":{"line":60,"column":20}},"76":{"start":{"line":61,"column":15},"end":{"line":65,"column":9}},"77":{"start":{"line":62,"column":10},"end":{"line":62,"column":19}},"78":{"start":{"line":64,"column":10},"end":{"line":64,"column":19}},"79":{"start":{"line":66,"column":9},"end":{"line":72,"column":7}},"80":{"start":{"line":69,"column":8},"end":{"line":71,"column":9}},"81":{"start":{"line":70,"column":10},"end":{"line":70,"column":29}},"82":{"start":{"line":73,"column":6},"end":{"line":75,"column":9}},"83":{"start":{"line":74,"column":8},"end":{"line":74,"column":48}},"84":{"start":{"line":76,"column":6},"end":{"line":76,"column":39}},"85":{"start":{"line":78,"column":6},"end":{"line":78,"column":35}},"86":{"start":{"line":83,"column":4},"end":{"line":91,"column":5}},"87":{"start":{"line":84,"column":6},"end":{"line":88,"column":7}},"88":{"start":{"line":85,"column":8},"end":{"line":87,"column":9}},"89":{"start":{"line":86,"column":10},"end":{"line":86,"column":30}},"90":{"start":{"line":90,"column":6},"end":{"line":90,"column":27}},"91":{"start":{"line":95,"column":4},"end":{"line":103,"column":5}},"92":{"start":{"line":96,"column":6},"end":{"line":100,"column":7}},"93":{"start":{"line":97,"column":8},"end":{"line":99,"column":9}},"94":{"start":{"line":98,"column":10},"end":{"line":98,"column":26}},"95":{"start":{"line":102,"column":6},"end":{"line":102,"column":27}},"96":{"start":{"line":0,"column":0},"end":{"line":0,"column":0},"skip":true},"97":{"start":{"line":0,"column":0},"end":{"line":0,"column":0},"skip":true},"98":{"start":{"line":0,"column":0},"end":{"line":0,"column":0},"skip":true},"99":{"start":{"line":0,"column":0},"end":{"line":0,"column":0},"skip":true},"100":{"start":{"line":0,"column":0},"end":{"line":0,"column":0},"skip":true},"101":{"start":{"line":0,"column":0},"end":{"line":0,"column":0},"skip":true},"102":{"start":{"line":108,"column":10},"end":{"line":108,"column":23}},"103":{"start":{"line":110,"column":6},"end":{"line":114,"column":7}},"104":{"start":{"line":111,"column":8},"end":{"line":113,"column":9}},"105":{"start":{"line":112,"column":10},"end":{"line":112,"column":38}},"106":{"start":{"line":0,"column":0},"end":{"line":0,"column":0},"skip":true},"107":{"start":{"line":0,"column":0},"end":{"line":0,"column":0},"skip":true},"108":{"start":{"line":115,"column":6},"end":{"line":115,"column":14}},"109":{"start":{"line":116,"column":6},"end":{"line":116,"column":65}},"110":{"start":{"line":0,"column":0},"end":{"line":0,"column":0},"skip":true},"111":{"start":{"line":0,"column":0},"end":{"line":0,"column":0},"skip":true},"112":{"start":{"line":0,"column":0},"end":{"line":0,"column":0},"skip":true},"113":{"start":{"line":0,"column":0},"end":{"line":0,"column":0},"skip":true},"114":{"start":{"line":0,"column":0},"end":{"line":0,"column":0},"skip":true},"115":{"start":{"line":0,"column":0},"end":{"line":0,"column":0},"skip":true},"116":{"start":{"line":0,"column":0},"end":{"line":0,"column":0},"skip":true},"117":{"start":{"line":0,"column":0},"end":{"line":0,"column":0},"skip":true},"118":{"start":{"line":0,"column":0},"end":{"line":0,"column":0},"skip":true},"119":{"start":{"line":0,"column":0},"end":{"line":0,"column":0},"skip":true},"120":{"start":{"line":0,"column":0},"end":{"line":0,"column":0},"skip":true},"121":{"start":{"line":0,"column":0},"end":{"line":0,"column":0},"skip":true},"122":{"start":{"line":0,"column":0},"end":{"line":0,"column":0},"skip":true},"123":{"start":{"line":0,"column":0},"end":{"line":0,"column":0},"skip":true},"124":{"start":{"line":0,"column":0},"end":{"line":0,"column":0},"skip":true},"125":{"start":{"line":125,"column":10},"end":{"line":125,"column":17}},"126":{"start":{"line":126,"column":10},"end":{"line":126,"column":23}},"127":{"start":{"line":127,"column":6},"end":{"line":127,"column":29}},"128":{"start":{"line":128,"column":6},"end":{"line":133,"column":7}},"129":{"start":{"line":129,"column":12},"end":{"line":129,"column":68}},"130":{"start":{"line":130,"column":8},"end":{"line":132,"column":9}},"131":{"start":{"line":131,"column":10},"end":{"line":131,"column":38}},"132":{"start":{"line":134,"column":15},"end":{"line":134,"column":20}},"133":{"start":{"line":0,"column":0},"end":{"line":0,"column":0},"skip":true},"134":{"start":{"line":0,"column":0},"end":{"line":0,"column":0},"skip":true},"135":{"start":{"line":0,"column":0},"end":{"line":0,"column":0},"skip":true},"136":{"start":{"line":135,"column":17},"end":{"line":135,"column":22}},"137":{"start":{"line":0,"column":0},"end":{"line":0,"column":0},"skip":true},"138":{"start":{"line":0,"column":0},"end":{"line":0,"column":0},"skip":true},"139":{"start":{"line":0,"column":0},"end":{"line":0,"column":0},"skip":true},"140":{"start":{"line":0,"column":0},"end":{"line":0,"column":0},"skip":true},"141":{"start":{"line":0,"column":0},"end":{"line":0,"column":0},"skip":true},"142":{"start":{"line":0,"column":0},"end":{"line":0,"column":0},"skip":true},"143":{"start":{"line":137,"column":12},"end":{"line":137,"column":40}},"144":{"start":{"line":0,"column":0},"end":{"line":0,"column":0},"skip":true},"145":{"start":{"line":135,"column":55},"end":{"line":135,"column":61}},"146":{"start":{"line":0,"column":0},"end":{"line":0,"column":0},"skip":true},"147":{"start":{"line":0,"column":0},"end":{"line":0,"column":0},"skip":true},"148":{"start":{"line":134,"column":44},"end":{"line":134,"column":50}},"149":{"start":{"line":0,"column":0},"end":{"line":0,"column":0},"skip":true},"150":{"start":{"line":0,"column":0},"end":{"line":0,"column":0},"skip":true},"151":{"start":{"line":0,"column":0},"end":{"line":0,"column":0},"skip":true},"152":{"start":{"line":0,"column":0},"end":{"line":0,"column":0},"skip":true},"153":{"start":{"line":143,"column":6},"end":{"line":143,"column":14}},"154":{"start":{"line":144,"column":6},"end":{"line":144,"column":65}},"155":{"start":{"line":0,"column":0},"end":{"line":0,"column":0},"skip":true},"156":{"start":{"line":0,"column":0},"end":{"line":0,"column":0},"skip":true},"157":{"start":{"line":145,"column":6},"end":{"line":145,"column":25}},"158":{"start":{"line":147,"column":10},"end":{"line":147,"column":63}},"159":{"start":{"line":0,"column":0},"end":{"line":0,"column":0},"skip":true},"160":{"start":{"line":0,"column":0},"end":{"line":0,"column":0},"skip":true},"161":{"start":{"line":148,"column":6},"end":{"line":148,"column":11}},"162":{"start":{"line":149,"column":6},"end":{"line":149,"column":56}},"163":{"start":{"line":0,"column":0},"end":{"line":0,"column":0},"skip":true},"164":{"start":{"line":0,"column":0},"end":{"line":0,"column":0},"skip":true},"165":{"start":{"line":0,"column":0},"end":{"line":0,"column":0},"skip":true},"166":{"start":{"line":0,"column":0},"end":{"line":0,"column":0},"skip":true},"167":{"start":{"line":0,"column":0},"end":{"line":0,"column":0},"skip":true},"168":{"start":{"line":0,"column":0},"end":{"line":0,"column":0},"skip":true},"169":{"start":{"line":0,"column":0},"end":{"line":0,"column":0},"skip":true},"170":{"start":{"line":157,"column":4},"end":{"line":157,"column":24}},"171":{"start":{"line":158,"column":4},"end":{"line":158,"column":19}},"172":{"start":{"line":159,"column":4},"end":{"line":174,"column":5}},"173":{"start":{"line":160,"column":6},"end":{"line":160,"column":63}},"174":{"start":{"line":161,"column":6},"end":{"line":173,"column":7}},"175":{"start":{"line":162,"column":8},"end":{"line":172,"column":9}},"176":{"start":{"line":163,"column":10},"end":{"line":163,"column":76}},"177":{"start":{"line":164,"column":10},"end":{"line":171,"column":11}},"178":{"start":{"line":165,"column":12},"end":{"line":169,"column":14}},"179":{"start":{"line":170,"column":12},"end":{"line":170,"column":29}},"180":{"start":{"line":175,"column":4},"end":{"line":175,"column":17}},"181":{"start":{"line":179,"column":4},"end":{"line":179,"column":19}},"182":{"start":{"line":180,"column":4},"end":{"line":185,"column":5}},"183":{"start":{"line":181,"column":6},"end":{"line":183,"column":8}},"184":{"start":{"line":184,"column":6},"end":{"line":184,"column":23}},"185":{"start":{"line":186,"column":4},"end":{"line":186,"column":17}},"186":{"start":{"line":0,"column":0},"end":{"line":0,"column":0},"skip":true},"187":{"start":{"line":0,"column":0},"end":{"line":0,"column":0},"skip":true},"188":{"start":{"line":0,"column":0},"end":{"line":0,"column":0},"skip":true},"189":{"start":{"line":0,"column":0},"end":{"line":0,"column":0},"skip":true},"190":{"start":{"line":0,"column":0},"end":{"line":0,"column":0},"skip":true},"191":{"start":{"line":0,"column":0},"end":{"line":0,"column":0},"skip":true},"192":{"start":{"line":0,"column":0},"end":{"line":0,"column":0},"skip":true},"193":{"start":{"line":0,"column":0},"end":{"line":0,"column":0},"skip":true},"194":{"start":{"line":191,"column":10},"end":{"line":191,"column":18}},"195":{"start":{"line":0,"column":0},"end":{"line":0,"column":0},"skip":true},"196":{"start":{"line":0,"column":0},"end":{"line":0,"column":0},"skip":true},"197":{"start":{"line":0,"column":0},"end":{"line":0,"column":0},"skip":true},"198":{"start":{"line":0,"column":0},"end":{"line":0,"column":0},"skip":true},"199":{"start":{"line":0,"column":0},"end":{"line":0,"column":0},"skip":true},"200":{"start":{"line":192,"column":16},"end":{"line":192,"column":24}},"201":{"start":{"line":0,"column":0},"end":{"line":0,"column":0},"skip":true},"202":{"start":{"line":0,"column":0},"end":{"line":0,"column":0},"skip":true},"203":{"start":{"line":192,"column":58},"end":{"line":192,"column":62}},"204":{"start":{"line":193,"column":10},"end":{"line":193,"column":57}},"205":{"start":{"line":194,"column":6},"end":{"line":194,"column":46}},"206":{"start":{"line":194,"column":47},"end":{"line":195,"column":56}},"207":{"start":{"line":0,"column":0},"end":{"line":0,"column":0},"skip":true},"208":{"start":{"line":0,"column":0},"end":{"line":0,"column":0},"skip":true},"209":{"start":{"line":0,"column":0},"end":{"line":0,"column":0},"skip":true},"210":{"start":{"line":198,"column":6},"end":{"line":198,"column":27}},"211":{"start":{"line":0,"column":0},"end":{"line":0,"column":0},"skip":true},"212":{"start":{"line":0,"column":0},"end":{"line":0,"column":0},"skip":true},"213":{"start":{"line":0,"column":0},"end":{"line":0,"column":0},"skip":true},"214":{"start":{"line":203,"column":4},"end":{"line":203,"column":48}},"215":{"start":{"line":204,"column":4},"end":{"line":204,"column":28}},"216":{"start":{"line":208,"column":4},"end":{"line":213,"column":5}},"217":{"start":{"line":209,"column":6},"end":{"line":209,"column":50}},"218":{"start":{"line":210,"column":6},"end":{"line":210,"column":26}},"219":{"start":{"line":211,"column":6},"end":{"line":211,"column":26}},"220":{"start":{"line":212,"column":6},"end":{"line":212,"column":22}},"221":{"start":{"line":214,"column":4},"end":{"line":214,"column":27}},"222":{"start":{"line":0,"column":0},"end":{"line":0,"column":0},"skip":true},"223":{"start":{"line":218,"column":0},"end":{"line":218,"column":44}},"224":{"start":{"line":0,"column":0},"end":{"line":0,"column":0},"skip":true}},"branchMap":{"1":{"line":3,"type":"binary-expr","locations":[{"start":{"line":0,"column":0},"end":{"line":0,"column":0},"skip":true},{"start":{"line":0,"column":0},"end":{"line":0,"column":0},"skip":true}]},"2":{"line":3,"type":"if","locations":[{"start":{"line":0,"column":0},"end":{"line":0,"column":0},"skip":true},{"start":{"line":0,"column":0},"end":{"line":0,"column":0},"skip":true}]},"3":{"line":3,"type":"if","locations":[{"start":{"line":0,"column":0},"end":{"line":0,"column":0},"skip":true},{"start":{"line":0,"column":0},"end":{"line":0,"column":0},"skip":true}]},"4":{"line":3,"type":"if","locations":[{"start":{"line":0,"column":0},"end":{"line":0,"column":0},"skip":true},{"start":{"line":0,"column":0},"end":{"line":0,"column":0},"skip":true}]},"5":{"line":21,"type":"cond-expr","locations":[{"start":{"line":0,"column":0},"end":{"line":0,"column":0},"skip":true},{"start":{"line":0,"column":0},"end":{"line":0,"column":0},"skip":true}]},"6":{"line":21,"type":"binary-expr","locations":[{"start":{"line":0,"column":0},"end":{"line":0,"column":0},"skip":true},{"start":{"line":0,"column":0},"end":{"line":0,"column":0},"skip":true}]},"7":{"line":23,"type":"if","locations":[{"start":{"line":0,"column":0},"end":{"line":0,"column":0},"skip":true},{"start":{"line":0,"column":0},"end":{"line":0,"column":0},"skip":true}]},"8":{"line":25,"type":"if","locations":[{"start":{"line":0,"column":0},"end":{"line":0,"column":0},"skip":true},{"start":{"line":0,"column":0},"end":{"line":0,"column":0},"skip":true}]},"9":{"line":49,"type":"if","locations":[{"start":{"line":23,"column":8},"end":{"line":23,"column":8}},{"start":{"line":23,"column":8},"end":{"line":23,"column":8}}]},"10":{"line":51,"type":"if","locations":[{"start":{"line":25,"column":15},"end":{"line":25,"column":15}},{"start":{"line":25,"column":15},"end":{"line":25,"column":15}}]},"11":{"line":59,"type":"if","locations":[{"start":{"line":33,"column":8},"end":{"line":33,"column":8}},{"start":{"line":33,"column":8},"end":{"line":33,"column":8}}]},"12":{"line":59,"type":"binary-expr","locations":[{"start":{"line":33,"column":12},"end":{"line":33,"column":24}},{"start":{"line":33,"column":28},"end":{"line":33,"column":65}}]},"13":{"line":70,"type":"if","locations":[{"start":{"line":44,"column":10},"end":{"line":44,"column":10}},{"start":{"line":44,"column":10},"end":{"line":44,"column":10}}]},"14":{"line":86,"type":"if","locations":[{"start":{"line":59,"column":8},"end":{"line":59,"column":8}},{"start":{"line":59,"column":8},"end":{"line":59,"column":8}}]},"15":{"line":88,"type":"if","locations":[{"start":{"line":61,"column":15},"end":{"line":61,"column":15}},{"start":{"line":61,"column":15},"end":{"line":61,"column":15}}]},"16":{"line":96,"type":"if","locations":[{"start":{"line":69,"column":8},"end":{"line":69,"column":8}},{"start":{"line":69,"column":8},"end":{"line":69,"column":8}}]},"17":{"line":96,"type":"binary-expr","locations":[{"start":{"line":69,"column":12},"end":{"line":69,"column":27}},{"start":{"line":69,"column":31},"end":{"line":69,"column":102}}]},"18":{"line":113,"type":"if","locations":[{"start":{"line":85,"column":8},"end":{"line":85,"column":8}},{"start":{"line":85,"column":8},"end":{"line":85,"column":8}}]},"19":{"line":126,"type":"if","locations":[{"start":{"line":97,"column":8},"end":{"line":97,"column":8}},{"start":{"line":97,"column":8},"end":{"line":97,"column":8}}]},"20":{"line":141,"type":"switch","locations":[{"start":{"line":0,"column":0},"end":{"line":0,"column":0},"skip":true},{"start":{"line":0,"column":0},"end":{"line":0,"column":0},"skip":true},{"start":{"line":0,"column":0},"end":{"line":0,"column":0},"skip":true},{"start":{"line":0,"column":0},"end":{"line":0,"column":0},"skip":true},{"start":{"line":0,"column":0},"end":{"line":0,"column":0},"skip":true}]},"21":{"line":148,"type":"if","locations":[{"start":{"line":111,"column":8},"end":{"line":111,"column":8}},{"start":{"line":111,"column":8},"end":{"line":111,"column":8}}]},"22":{"line":186,"type":"switch","locations":[{"start":{"line":0,"column":0},"end":{"line":0,"column":0},"skip":true},{"start":{"line":0,"column":0},"end":{"line":0,"column":0},"skip":true},{"start":{"line":0,"column":0},"end":{"line":0,"column":0},"skip":true},{"start":{"line":0,"column":0},"end":{"line":0,"column":0},"skip":true},{"start":{"line":0,"column":0},"end":{"line":0,"column":0},"skip":true},{"start":{"line":0,"column":0},"end":{"line":0,"column":0},"skip":true},{"start":{"line":0,"column":0},"end":{"line":0,"column":0},"skip":true},{"start":{"line":0,"column":0},"end":{"line":0,"column":0},"skip":true},{"start":{"line":0,"column":0},"end":{"line":0,"column":0},"skip":true},{"start":{"line":0,"column":0},"end":{"line":0,"column":0},"skip":true},{"start":{"line":0,"column":0},"end":{"line":0,"column":0},"skip":true},{"start":{"line":0,"column":0},"end":{"line":0,"column":0},"skip":true},{"start":{"line":0,"column":0},"end":{"line":0,"column":0},"skip":true}]},"23":{"line":200,"type":"if","locations":[{"start":{"line":130,"column":8},"end":{"line":130,"column":8}},{"start":{"line":130,"column":8},"end":{"line":130,"column":8}}]},"24":{"line":207,"type":"if","locations":[{"start":{"line":0,"column":0},"end":{"line":0,"column":0},"skip":true},{"start":{"line":0,"column":0},"end":{"line":0,"column":0},"skip":true}]},"25":{"line":215,"type":"if","locations":[{"start":{"line":0,"column":0},"end":{"line":0,"column":0},"skip":true},{"start":{"line":0,"column":0},"end":{"line":0,"column":0},"skip":true}]},"26":{"line":220,"type":"if","locations":[{"start":{"line":0,"column":0},"end":{"line":0,"column":0},"skip":true},{"start":{"line":0,"column":0},"end":{"line":0,"column":0},"skip":true}]},"27":{"line":285,"type":"if","locations":[{"start":{"line":161,"column":6},"end":{"line":161,"column":6}},{"start":{"line":161,"column":6},"end":{"line":161,"column":6}}]},"28":{"line":285,"type":"binary-expr","locations":[{"start":{"line":161,"column":10},"end":{"line":161,"column":34}},{"start":{"line":161,"column":38},"end":{"line":161,"column":73}}]},"29":{"line":288,"type":"if","locations":[{"start":{"line":164,"column":10},"end":{"line":164,"column":10}},{"start":{"line":164,"column":10},"end":{"line":164,"column":10}}]},"30":{"line":288,"type":"binary-expr","locations":[{"start":{"line":164,"column":14},"end":{"line":164,"column":38}},{"start":{"line":164,"column":42},"end":{"line":164,"column":79}}]},"31":{"line":321,"type":"switch","locations":[{"start":{"line":0,"column":0},"end":{"line":0,"column":0},"skip":true},{"start":{"line":0,"column":0},"end":{"line":0,"column":0},"skip":true},{"start":{"line":0,"column":0},"end":{"line":0,"column":0},"skip":true},{"start":{"line":0,"column":0},"end":{"line":0,"column":0},"skip":true},{"start":{"line":0,"column":0},"end":{"line":0,"column":0},"skip":true},{"start":{"line":0,"column":0},"end":{"line":0,"column":0},"skip":true},{"start":{"line":0,"column":0},"end":{"line":0,"column":0},"skip":true},{"start":{"line":0,"column":0},"end":{"line":0,"column":0},"skip":true}]},"32":{"line":330,"type":"if","locations":[{"start":{"line":0,"column":0},"end":{"line":0,"column":0},"skip":true},{"start":{"line":0,"column":0},"end":{"line":0,"column":0},"skip":true}]}}},"/home/ian/no_subject_webscraper/app/components/d3Chart.js":{"path":"/home/ian/no_subject_webscraper/app/components/d3Chart.js","s":{"1":1,"2":1,"3":1,"4":14,"5":14,"6":14,"7":14,"8":14,"9":14,"10":1,"11":1,"12":1,"13":1,"14":0,"15":1,"16":1,"17":1,"18":1,"19":1,"20":1,"21":1,"22":1,"23":1,"24":3,"25":1,"26":1,"27":0,"28":1,"29":1,"30":1,"31":1,"32":1,"33":1,"34":1,"35":0,"36":0,"37":0,"38":0,"39":0,"40":0,"41":0,"42":0,"43":0,"44":0,"45":0,"46":0,"47":0,"48":0,"49":0,"50":0,"51":0,"52":0,"53":0,"54":0,"55":0,"56":0,"57":0,"58":0,"59":0,"60":0,"61":0,"62":0,"63":0,"64":0,"65":0,"66":0,"67":0,"68":0,"69":0,"70":0,"71":0,"72":0,"73":0,"74":0,"75":0,"76":0,"77":0,"78":0,"79":0,"80":0,"81":0,"82":0,"83":0,"84":0,"85":0,"86":0,"87":0,"88":0,"89":0,"90":0,"91":0,"92":0,"93":0,"94":0,"95":0,"96":0,"97":0,"98":0,"99":0,"100":0,"101":0,"102":0,"103":0,"104":0,"105":0,"106":0,"107":0,"108":0,"109":0,"110":0,"111":0,"112":0,"113":0,"114":0,"115":0,"116":0,"117":0,"118":0,"119":0,"120":0,"121":0,"122":0,"123":0,"124":0,"125":0,"126":0,"127":0,"128":0,"129":0,"130":0,"131":0,"132":0,"133":0,"134":0,"135":0,"136":0,"137":0,"138":0,"139":0,"140":0,"141":0,"142":0,"143":0,"144":0,"145":0,"146":0,"147":0,"148":0,"149":0,"150":0,"151":0,"152":0,"153":1,"154":1,"155":1},"b":{"1":[14,14],"2":[14,0],"3":[1,0],"4":[0,1],"5":[1,2],"6":[3,3],"7":[0,1],"8":[0,0],"9":[0,0],"10":[0,0],"11":[0,0],"12":[0,0],"13":[0,0],"14":[0,0],"15":[0,0],"16":[0,0]},"f":{"1":1,"2":1,"3":1,"4":3,"5":1,"6":1,"7":1,"8":0,"9":0,"10":0,"11":0,"12":0,"13":0,"14":0,"15":0,"16":0,"17":0,"18":0,"19":0,"20":0,"21":0,"22":0,"23":0,"24":0,"25":0,"26":0,"27":0,"28":0,"29":0,"30":0,"31":0,"32":0,"33":0,"34":0,"35":0,"36":0,"37":0,"38":0,"39":0,"40":0,"41":0},"fnMap":{"1":{"name":"(anonymous_1)","line":3,"loc":{"start":{"line":0,"column":0},"end":{"line":0,"column":0},"skip":true},"skip":true},"2":{"name":"defineProperties","line":3,"loc":{"start":{"line":0,"column":0},"end":{"line":0,"column":0},"skip":true},"skip":true},"3":{"name":"(anonymous_3)","line":3,"loc":{"start":{"line":0,"column":0},"end":{"line":0,"column":0},"skip":true},"skip":true},"4":{"name":"_interopRequireDefault","line":21,"loc":{"start":{"line":0,"column":0},"end":{"line":0,"column":0},"skip":true},"skip":true},"5":{"name":"_classCallCheck","line":23,"loc":{"start":{"line":0,"column":0},"end":{"line":0,"column":0},"skip":true},"skip":true},"6":{"name":"(anonymous_6)","line":25,"loc":{"start":{"line":5,"column":13},"end":{"line":5,"column":13}}},"7":{"name":"D3Chart","line":26,"loc":{"start":{"line":6,"column":2},"end":{"line":6,"column":38}}},"8":{"name":"initialize","line":36,"loc":{"start":{"line":0,"column":0},"end":{"line":0,"column":0},"skip":true},"skip":true},"9":{"name":"(anonymous_9)","line":42,"loc":{"start":{"line":30,"column":20},"end":{"line":30,"column":27}}},"10":{"name":"addNodes","line":50,"loc":{"start":{"line":0,"column":0},"end":{"line":0,"column":0},"skip":true},"skip":true},"11":{"name":"addNode","line":58,"loc":{"start":{"line":0,"column":0},"end":{"line":0,"column":0},"skip":true},"skip":true},"12":{"name":"addLabels","line":67,"loc":{"start":{"line":0,"column":0},"end":{"line":0,"column":0},"skip":true},"skip":true},"13":{"name":"clearGraph","line":91,"loc":{"start":{"line":0,"column":0},"end":{"line":0,"column":0},"skip":true},"skip":true},"14":{"name":"findNode","line":97,"loc":{"start":{"line":0,"column":0},"end":{"line":0,"column":0},"skip":true},"skip":true},"15":{"name":"findLinks","line":107,"loc":{"start":{"line":0,"column":0},"end":{"line":0,"column":0},"skip":true},"skip":true},"16":{"name":"redrawLinks","line":119,"loc":{"start":{"line":0,"column":0},"end":{"line":0,"column":0},"skip":true},"skip":true},"17":{"name":"removeAllLinks","line":126,"loc":{"start":{"line":0,"column":0},"end":{"line":0,"column":0},"skip":true},"skip":true},"18":{"name":"removeAllNodes","line":133,"loc":{"start":{"line":0,"column":0},"end":{"line":0,"column":0},"skip":true},"skip":true},"19":{"name":"removeNode","line":140,"loc":{"start":{"line":0,"column":0},"end":{"line":0,"column":0},"skip":true},"skip":true},"20":{"name":"updateLink","line":159,"loc":{"start":{"line":0,"column":0},"end":{"line":0,"column":0},"skip":true},"skip":true},"21":{"name":"(anonymous_21)","line":160,"loc":{"start":{"line":144,"column":20},"end":{"line":144,"column":31}}},"22":{"name":"(anonymous_22)","line":162,"loc":{"start":{"line":146,"column":18},"end":{"line":146,"column":29}}},"23":{"name":"(anonymous_23)","line":164,"loc":{"start":{"line":148,"column":18},"end":{"line":148,"column":29}}},"24":{"name":"(anonymous_24)","line":166,"loc":{"start":{"line":150,"column":18},"end":{"line":150,"column":29}}},"25":{"name":"updateNode","line":172,"loc":{"start":{"line":0,"column":0},"end":{"line":0,"column":0},"skip":true},"skip":true},"26":{"name":"(anonymous_26)","line":173,"loc":{"start":{"line":156,"column":27},"end":{"line":156,"column":38}}},"27":{"name":"update","line":179,"loc":{"start":{"line":0,"column":0},"end":{"line":0,"column":0},"skip":true},"skip":true},"28":{"name":"(anonymous_28)","line":182,"loc":{"start":{"line":163,"column":32},"end":{"line":163,"column":43}}},"29":{"name":"(anonymous_29)","line":190,"loc":{"start":{"line":175,"column":32},"end":{"line":175,"column":43}}},"30":{"name":"(anonymous_30)","line":194,"loc":{"start":{"line":179,"column":26},"end":{"line":179,"column":36}}},"31":{"name":"(anonymous_31)","line":195,"loc":{"start":{"line":180,"column":27},"end":{"line":180,"column":38}}},"32":{"name":"(anonymous_32)","line":198,"loc":{"start":{"line":183,"column":36},"end":{"line":183,"column":54}}},"33":{"name":"(anonymous_33)","line":203,"loc":{"start":{"line":188,"column":26},"end":{"line":188,"column":36}}},"34":{"name":"(anonymous_34)","line":208,"loc":{"start":{"line":194,"column":21},"end":{"line":194,"column":32}}},"35":{"name":"(anonymous_35)","line":225,"loc":{"start":{"line":220,"column":23},"end":{"line":220,"column":40}}},"36":{"name":"(anonymous_36)","line":227,"loc":{"start":{"line":224,"column":24},"end":{"line":224,"column":41}}},"37":{"name":"(anonymous_37)","line":229,"loc":{"start":{"line":228,"column":19},"end":{"line":228,"column":36}}},"38":{"name":"(anonymous_38)","line":237,"loc":{"start":{"line":241,"column":12},"end":{"line":241,"column":30}}},"39":{"name":"(anonymous_39)","line":239,"loc":{"start":{"line":244,"column":21},"end":{"line":244,"column":32}}},"40":{"name":"(anonymous_40)","line":250,"loc":{"start":{"line":258,"column":26},"end":{"line":258,"column":36}}},"41":{"name":"(anonymous_41)","line":252,"loc":{"start":{"line":260,"column":22},"end":{"line":260,"column":46}}}},"statementMap":{"1":{"start":{"line":0,"column":0},"end":{"line":0,"column":0},"skip":true},"2":{"start":{"line":0,"column":0},"end":{"line":0,"column":0},"skip":true},"3":{"start":{"line":0,"column":0},"end":{"line":0,"column":0},"skip":true},"4":{"start":{"line":0,"column":0},"end":{"line":0,"column":0},"skip":true},"5":{"start":{"line":0,"column":0},"end":{"line":0,"column":0},"skip":true},"6":{"start":{"line":0,"column":0},"end":{"line":0,"column":0},"skip":true},"7":{"start":{"line":0,"column":0},"end":{"line":0,"column":0},"skip":true},"8":{"start":{"line":0,"column":0},"end":{"line":0,"column":0},"skip":true},"9":{"start":{"line":0,"column":0},"end":{"line":0,"column":0},"skip":true},"10":{"start":{"line":0,"column":0},"end":{"line":0,"column":0},"skip":true},"11":{"start":{"line":0,"column":0},"end":{"line":0,"column":0},"skip":true},"12":{"start":{"line":0,"column":0},"end":{"line":0,"column":0},"skip":true},"13":{"start":{"line":0,"column":0},"end":{"line":0,"column":0},"skip":true},"14":{"start":{"line":0,"column":0},"end":{"line":0,"column":0},"skip":true},"15":{"start":{"line":0,"column":0},"end":{"line":0,"column":0},"skip":true},"16":{"start":{"line":0,"column":0},"end":{"line":0,"column":0},"skip":true},"17":{"start":{"line":0,"column":0},"end":{"line":0,"column":0},"skip":true},"18":{"start":{"line":0,"column":0},"end":{"line":0,"column":0},"skip":true},"19":{"start":{"line":0,"column":0},"end":{"line":0,"column":0},"skip":true},"20":{"start":{"line":0,"column":0},"end":{"line":0,"column":0},"skip":true},"21":{"start":{"line":0,"column":0},"end":{"line":0,"column":0},"skip":true},"22":{"start":{"line":0,"column":0},"end":{"line":0,"column":0},"skip":true},"23":{"start":{"line":0,"column":0},"end":{"line":0,"column":0},"skip":true},"24":{"start":{"line":0,"column":0},"end":{"line":0,"column":0},"skip":true},"25":{"start":{"line":0,"column":0},"end":{"line":0,"column":0},"skip":true},"26":{"start":{"line":0,"column":0},"end":{"line":0,"column":0},"skip":true},"27":{"start":{"line":0,"column":0},"end":{"line":0,"column":0},"skip":true},"28":{"start":{"line":0,"column":0},"end":{"line":0,"column":0},"skip":true},"29":{"start":{"line":6,"column":2},"end":{"line":10,"column":3}},"30":{"start":{"line":0,"column":0},"end":{"line":0,"column":0},"skip":true},"31":{"start":{"line":7,"column":4},"end":{"line":7,"column":27}},"32":{"start":{"line":8,"column":4},"end":{"line":8,"column":25}},"33":{"start":{"line":9,"column":4},"end":{"line":9,"column":23}},"34":{"start":{"line":0,"column":0},"end":{"line":0,"column":0},"skip":true},"35":{"start":{"line":13,"column":4},"end":{"line":13,"column":27}},"36":{"start":{"line":14,"column":4},"end":{"line":14,"column":25}},"37":{"start":{"line":15,"column":4},"end":{"line":15,"column":23}},"38":{"start":{"line":16,"column":4},"end":{"line":20,"column":30}},"39":{"start":{"line":22,"column":4},"end":{"line":32,"column":9}},"40":{"start":{"line":31,"column":8},"end":{"line":31,"column":27}},"41":{"start":{"line":34,"column":4},"end":{"line":41,"column":38}},"42":{"start":{"line":45,"column":4},"end":{"line":47,"column":5}},"43":{"start":{"line":46,"column":6},"end":{"line":46,"column":29}},"44":{"start":{"line":48,"column":4},"end":{"line":48,"column":41}},"45":{"start":{"line":52,"column":4},"end":{"line":52,"column":35}},"46":{"start":{"line":53,"column":4},"end":{"line":53,"column":17}},"47":{"start":{"line":54,"column":4},"end":{"line":54,"column":17}},"48":{"start":{"line":55,"column":4},"end":{"line":55,"column":21}},"49":{"start":{"line":56,"column":4},"end":{"line":56,"column":25}},"50":{"start":{"line":60,"column":4},"end":{"line":60,"column":43}},"51":{"start":{"line":61,"column":4},"end":{"line":61,"column":47}},"52":{"start":{"line":62,"column":4},"end":{"line":66,"column":6}},"53":{"start":{"line":67,"column":4},"end":{"line":71,"column":6}},"54":{"start":{"line":72,"column":4},"end":{"line":72,"column":34}},"55":{"start":{"line":73,"column":4},"end":{"line":73,"column":34}},"56":{"start":{"line":74,"column":4},"end":{"line":78,"column":7}},"57":{"start":{"line":79,"column":4},"end":{"line":79,"column":18}},"58":{"start":{"line":83,"column":4},"end":{"line":83,"column":26}},"59":{"start":{"line":84,"column":4},"end":{"line":84,"column":26}},"60":{"start":{"line":88,"column":4},"end":{"line":88,"column":35}},"61":{"start":{"line":89,"column":4},"end":{"line":93,"column":5}},"62":{"start":{"line":90,"column":6},"end":{"line":92,"column":7}},"63":{"start":{"line":91,"column":8},"end":{"line":91,"column":24}},"64":{"start":{"line":97,"column":4},"end":{"line":97,"column":35}},"65":{"start":{"line":98,"column":4},"end":{"line":98,"column":23}},"66":{"start":{"line":99,"column":4},"end":{"line":103,"column":5}},"67":{"start":{"line":100,"column":6},"end":{"line":102,"column":7}},"68":{"start":{"line":101,"column":9},"end":{"line":101,"column":34}},"69":{"start":{"line":104,"column":4},"end":{"line":104,"column":21}},"70":{"start":{"line":108,"column":4},"end":{"line":108,"column":83}},"71":{"start":{"line":109,"column":4},"end":{"line":109,"column":28}},"72":{"start":{"line":110,"column":4},"end":{"line":110,"column":18}},"73":{"start":{"line":114,"column":4},"end":{"line":114,"column":60}},"74":{"start":{"line":115,"column":4},"end":{"line":115,"column":62}},"75":{"start":{"line":116,"column":4},"end":{"line":116,"column":18}},"76":{"start":{"line":120,"column":4},"end":{"line":120,"column":60}},"77":{"start":{"line":121,"column":4},"end":{"line":121,"column":62}},"78":{"start":{"line":122,"column":4},"end":{"line":122,"column":18}},"79":{"start":{"line":126,"column":4},"end":{"line":126,"column":36}},"80":{"start":{"line":127,"column":4},"end":{"line":127,"column":35}},"81":{"start":{"line":128,"column":4},"end":{"line":128,"column":42}},"82":{"start":{"line":128,"column":43},"end":{"line":130,"column":26}},"83":{"start":{"line":131,"column":4},"end":{"line":131,"column":26}},"84":{"start":{"line":133,"column":4},"end":{"line":133,"column":32}},"85":{"start":{"line":134,"column":4},"end":{"line":134,"column":18}},"86":{"start":{"line":136,"column":4},"end":{"line":138,"column":5}},"87":{"start":{"line":137,"column":6},"end":{"line":137,"column":31}},"88":{"start":{"line":139,"column":4},"end":{"line":139,"column":28}},"89":{"start":{"line":140,"column":4},"end":{"line":140,"column":17}},"90":{"start":{"line":144,"column":4},"end":{"line":152,"column":7}},"91":{"start":{"line":145,"column":6},"end":{"line":145,"column":28}},"92":{"start":{"line":147,"column":6},"end":{"line":147,"column":28}},"93":{"start":{"line":149,"column":6},"end":{"line":149,"column":28}},"94":{"start":{"line":151,"column":6},"end":{"line":151,"column":28}},"95":{"start":{"line":156,"column":4},"end":{"line":158,"column":7}},"96":{"start":{"line":157,"column":6},"end":{"line":157,"column":59}},"97":{"start":{"line":0,"column":0},"end":{"line":0,"column":0},"skip":true},"98":{"start":{"line":162,"column":4},"end":{"line":165,"column":9}},"99":{"start":{"line":164,"column":8},"end":{"line":164,"column":61}},"100":{"start":{"line":167,"column":4},"end":{"line":170,"column":31}},"101":{"start":{"line":172,"column":4},"end":{"line":172,"column":25}},"102":{"start":{"line":174,"column":4},"end":{"line":177,"column":9}},"103":{"start":{"line":176,"column":8},"end":{"line":176,"column":27}},"104":{"start":{"line":179,"column":4},"end":{"line":186,"column":7}},"105":{"start":{"line":180,"column":6},"end":{"line":182,"column":9}},"106":{"start":{"line":181,"column":8},"end":{"line":181,"column":107}},"107":{"start":{"line":183,"column":6},"end":{"line":185,"column":9}},"108":{"start":{"line":184,"column":8},"end":{"line":184,"column":74}},"109":{"start":{"line":188,"column":4},"end":{"line":191,"column":7}},"110":{"start":{"line":189,"column":6},"end":{"line":189,"column":35}},"111":{"start":{"line":190,"column":6},"end":{"line":190,"column":44}},"112":{"start":{"line":193,"column":4},"end":{"line":196,"column":9}},"113":{"start":{"line":195,"column":8},"end":{"line":195,"column":22}},"114":{"start":{"line":198,"column":4},"end":{"line":202,"column":32}},"115":{"start":{"line":204,"column":4},"end":{"line":204,"column":36}},"116":{"start":{"line":205,"column":4},"end":{"line":205,"column":25}},"117":{"start":{"line":207,"column":4},"end":{"line":208,"column":33}},"118":{"start":{"line":210,"column":4},"end":{"line":212,"column":35}},"119":{"start":{"line":214,"column":4},"end":{"line":214,"column":31}},"120":{"start":{"line":216,"column":4},"end":{"line":217,"column":33}},"121":{"start":{"line":219,"column":4},"end":{"line":230,"column":9}},"122":{"start":{"line":221,"column":8},"end":{"line":222,"column":47}},"123":{"start":{"line":225,"column":8},"end":{"line":226,"column":42}},"124":{"start":{"line":229,"column":8},"end":{"line":229,"column":69}},"125":{"start":{"line":232,"column":4},"end":{"line":233,"column":35}},"126":{"start":{"line":235,"column":4},"end":{"line":238,"column":27}},"127":{"start":{"line":240,"column":4},"end":{"line":249,"column":29}},"128":{"start":{"line":242,"column":8},"end":{"line":242,"column":55}},"129":{"start":{"line":245,"column":8},"end":{"line":245,"column":32}},"130":{"start":{"line":251,"column":4},"end":{"line":251,"column":31}},"131":{"start":{"line":253,"column":4},"end":{"line":253,"column":68}},"132":{"start":{"line":255,"column":4},"end":{"line":255,"column":23}},"133":{"start":{"line":256,"column":4},"end":{"line":256,"column":24}},"134":{"start":{"line":258,"column":4},"end":{"line":282,"column":7}},"135":{"start":{"line":259,"column":6},"end":{"line":259,"column":33}},"136":{"start":{"line":260,"column":6},"end":{"line":274,"column":9}},"137":{"start":{"line":261,"column":8},"end":{"line":273,"column":9}},"138":{"start":{"line":262,"column":10},"end":{"line":262,"column":33}},"139":{"start":{"line":263,"column":10},"end":{"line":263,"column":33}},"140":{"start":{"line":265,"column":10},"end":{"line":265,"column":61}},"141":{"start":{"line":266,"column":10},"end":{"line":266,"column":44}},"142":{"start":{"line":266,"column":45},"end":{"line":267,"column":45}},"143":{"start":{"line":268,"column":10},"end":{"line":268,"column":62}},"144":{"start":{"line":269,"column":10},"end":{"line":269,"column":61}},"145":{"start":{"line":270,"column":10},"end":{"line":270,"column":59}},"146":{"start":{"line":271,"column":10},"end":{"line":271,"column":25}},"147":{"start":{"line":272,"column":10},"end":{"line":272,"column":90}},"148":{"start":{"line":276,"column":6},"end":{"line":276,"column":39}},"149":{"start":{"line":278,"column":6},"end":{"line":278,"column":33}},"150":{"start":{"line":279,"column":6},"end":{"line":279,"column":39}},"151":{"start":{"line":280,"column":6},"end":{"line":280,"column":25}},"152":{"start":{"line":281,"column":6},"end":{"line":281,"column":26}},"153":{"start":{"line":0,"column":0},"end":{"line":0,"column":0},"skip":true},"154":{"start":{"line":286,"column":0},"end":{"line":286,"column":28}},"155":{"start":{"line":0,"column":0},"end":{"line":0,"column":0},"skip":true}},"branchMap":{"1":{"line":3,"type":"binary-expr","locations":[{"start":{"line":0,"column":0},"end":{"line":0,"column":0},"skip":true},{"start":{"line":0,"column":0},"end":{"line":0,"column":0},"skip":true}]},"2":{"line":3,"type":"if","locations":[{"start":{"line":0,"column":0},"end":{"line":0,"column":0},"skip":true},{"start":{"line":0,"column":0},"end":{"line":0,"column":0},"skip":true}]},"3":{"line":3,"type":"if","locations":[{"start":{"line":0,"column":0},"end":{"line":0,"column":0},"skip":true},{"start":{"line":0,"column":0},"end":{"line":0,"column":0},"skip":true}]},"4":{"line":3,"type":"if","locations":[{"start":{"line":0,"column":0},"end":{"line":0,"column":0},"skip":true},{"start":{"line":0,"column":0},"end":{"line":0,"column":0},"skip":true}]},"5":{"line":21,"type":"cond-expr","locations":[{"start":{"line":0,"column":0},"end":{"line":0,"column":0},"skip":true},{"start":{"line":0,"column":0},"end":{"line":0,"column":0},"skip":true}]},"6":{"line":21,"type":"binary-expr","locations":[{"start":{"line":0,"column":0},"end":{"line":0,"column":0},"skip":true},{"start":{"line":0,"column":0},"end":{"line":0,"column":0},"skip":true}]},"7":{"line":23,"type":"if","locations":[{"start":{"line":0,"column":0},"end":{"line":0,"column":0},"skip":true},{"start":{"line":0,"column":0},"end":{"line":0,"column":0},"skip":true}]},"8":{"line":100,"type":"if","locations":[{"start":{"line":90,"column":6},"end":{"line":90,"column":6}},{"start":{"line":90,"column":6},"end":{"line":90,"column":6}}]},"9":{"line":111,"type":"if","locations":[{"start":{"line":100,"column":6},"end":{"line":100,"column":6}},{"start":{"line":100,"column":6},"end":{"line":100,"column":6}}]},"10":{"line":111,"type":"binary-expr","locations":[{"start":{"line":100,"column":10},"end":{"line":100,"column":41}},{"start":{"line":100,"column":45},"end":{"line":100,"column":70}}]},"11":{"line":196,"type":"cond-expr","locations":[{"start":{"line":181,"column":88},"end":{"line":181,"column":97}},{"start":{"line":181,"column":100},"end":{"line":181,"column":106}}]},"12":{"line":196,"type":"binary-expr","locations":[{"start":{"line":181,"column":15},"end":{"line":181,"column":48}},{"start":{"line":181,"column":52},"end":{"line":181,"column":85}}]},"13":{"line":199,"type":"cond-expr","locations":[{"start":{"line":184,"column":53},"end":{"line":184,"column":64}},{"start":{"line":184,"column":67},"end":{"line":184,"column":73}}]},"14":{"line":199,"type":"binary-expr","locations":[{"start":{"line":184,"column":15},"end":{"line":184,"column":31}},{"start":{"line":184,"column":35},"end":{"line":184,"column":50}}]},"15":{"line":238,"type":"cond-expr","locations":[{"start":{"line":242,"column":33},"end":{"line":242,"column":35}},{"start":{"line":242,"column":38},"end":{"line":242,"column":54}}]},"16":{"line":253,"type":"if","locations":[{"start":{"line":261,"column":8},"end":{"line":261,"column":8}},{"start":{"line":261,"column":8},"end":{"line":261,"column":8}}]}}},"/home/ian/no_subject_webscraper/scraper.js":{"path":"/home/ian/no_subject_webscraper/scraper.js","s":{"1":1,"2":1,"3":1,"4":6,"5":6,"6":6,"7":6,"8":6,"9":6,"10":1,"11":1,"12":1,"13":1,"14":0,"15":1,"16":1,"17":1,"18":1,"19":1,"20":1,"21":1,"22":1,"23":1,"24":1,"25":1,"26":1,"27":1,"28":1,"29":1,"30":1,"31":1,"32":1,"33":1,"34":1,"35":1,"36":1,"37":8,"38":1,"39":3,"40":6,"41":6,"42":1,"43":17,"44":17,"45":17,"46":0,"47":0,"48":17,"49":6,"50":11,"51":11,"52":0,"53":6,"54":1,"55":1,"56":0,"57":1,"58":1,"59":1,"60":1,"61":1,"62":1,"63":1,"64":1,"65":0,"66":0,"67":0,"68":0,"69":0,"70":0,"71":0,"72":0,"73":5,"74":5,"75":5,"76":5,"77":0,"78":0,"79":5,"80":5,"81":5,"82":5,"83":0,"84":6,"85":6,"86":6,"87":6,"88":5,"89":0,"90":0,"91":5,"92":5,"93":5,"94":0,"95":5,"96":1,"97":2,"98":2,"99":6,"100":7,"101":2,"102":2,"103":2,"104":2,"105":1,"106":1,"107":1,"108":1,"109":1,"110":1,"111":1,"112":2,"113":2,"114":2,"115":1,"116":2,"117":1,"118":1,"119":1,"120":3,"121":4,"122":1,"123":1,"124":1,"125":1,"126":1,"127":1,"128":1,"129":0,"130":0,"131":0,"132":0,"133":1,"134":1,"135":1,"136":1,"137":1,"138":1,"139":3,"140":3,"141":3,"142":15,"143":27,"144":3,"145":3,"146":3,"147":3,"148":3,"149":0,"150":3,"151":9,"152":0,"153":0,"154":9,"155":9,"156":9,"157":9,"158":9,"159":9,"160":6,"161":6,"162":3,"163":3,"164":3,"165":6,"166":6,"167":6,"168":0,"169":0,"170":0,"171":0,"172":0,"173":3,"174":1,"175":3,"176":1,"177":1},"b":{"1":[6,6],"2":[6,0],"3":[1,0],"4":[0,1],"5":[1,7],"6":[8,8],"7":[6,11],"8":[0,1],"9":[0],"10":[0,5],"11":[5,0],"12":[0,0],"13":[0,0],"14":[0,5],"15":[5,0],"16":[0,0],"17":[0,0],"18":[2,1,1,2,0,2],"19":[0,1],"20":[1,1,0,1,0,1],"21":[0,0],"22":[0,0],"23":[3,9,9,6,0,0,0,3],"24":[0,3],"25":[0,9],"26":[0,9],"27":[6,3],"28":[0,3],"29":[3,0]},"f":{"1":1,"2":1,"3":1,"4":8,"5":3,"6":6,"7":6,"8":17,"9":11,"10":0,"11":1,"12":1,"13":1,"14":0,"15":0,"16":0,"17":5,"18":5,"19":5,"20":0,"21":6,"22":6,"23":5,"24":0,"25":1,"26":2,"27":6,"28":2,"29":1,"30":1,"31":3,"32":1,"33":1,"34":3,"35":15,"36":3,"37":3},"fnMap":{"1":{"name":"(anonymous_1)","line":3,"loc":{"start":{"line":0,"column":0},"end":{"line":0,"column":0},"skip":true},"skip":true},"2":{"name":"defineProperties","line":3,"loc":{"start":{"line":0,"column":0},"end":{"line":0,"column":0},"skip":true},"skip":true},"3":{"name":"(anonymous_3)","line":3,"loc":{"start":{"line":0,"column":0},"end":{"line":0,"column":0},"skip":true},"skip":true},"4":{"name":"_interopRequireDefault","line":46,"loc":{"start":{"line":0,"column":0},"end":{"line":0,"column":0},"skip":true},"skip":true},"5":{"name":"_asyncToGenerator","line":48,"loc":{"start":{"line":0,"column":0},"end":{"line":0,"column":0},"skip":true},"skip":true},"6":{"name":"(anonymous_6)","line":48,"loc":{"start":{"line":0,"column":0},"end":{"line":0,"column":0},"skip":true},"skip":true},"7":{"name":"(anonymous_7)","line":48,"loc":{"start":{"line":0,"column":0},"end":{"line":0,"column":0},"skip":true},"skip":true},"8":{"name":"step","line":48,"loc":{"start":{"line":0,"column":0},"end":{"line":0,"column":0},"skip":true},"skip":true},"9":{"name":"(anonymous_9)","line":48,"loc":{"start":{"line":0,"column":0},"end":{"line":0,"column":0},"skip":true},"skip":true},"10":{"name":"(anonymous_10)","line":48,"loc":{"start":{"line":0,"column":0},"end":{"line":0,"column":0},"skip":true},"skip":true},"11":{"name":"_classCallCheck","line":50,"loc":{"start":{"line":0,"column":0},"end":{"line":0,"column":0},"skip":true},"skip":true},"12":{"name":"(anonymous_12)","line":52,"loc":{"start":{"line":12,"column":28},"end":{"line":12,"column":28}}},"13":{"name":"Scraper","line":53,"loc":{"start":{"line":13,"column":2},"end":{"line":13,"column":43}}},"14":{"name":"prompt","line":70,"loc":{"start":{"line":0,"column":0},"end":{"line":0,"column":0},"skip":true},"skip":true},"15":{"name":"(anonymous_15)","line":84,"loc":{"start":{"line":39,"column":31},"end":{"line":39,"column":44}},"skip":true},"16":{"name":"(anonymous_16)","line":88,"loc":{"start":{"line":43,"column":39},"end":{"line":43,"column":47}},"skip":true},"17":{"name":"fetchAllArticles","line":97,"loc":{"start":{"line":0,"column":0},"end":{"line":0,"column":0},"skip":true},"skip":true},"18":{"name":"(anonymous_18)","line":100,"loc":{"start":{"line":50,"column":23},"end":{"line":50,"column":44}},"skip":true},"19":{"name":"(anonymous_19)","line":101,"loc":{"start":{"line":51,"column":30},"end":{"line":51,"column":47}},"skip":true},"20":{"name":"(anonymous_20)","line":109,"loc":{"start":{"line":59,"column":61},"end":{"line":59,"column":72}},"skip":true},"21":{"name":"fetchArticleBacklinks","line":118,"loc":{"start":{"line":0,"column":0},"end":{"line":0,"column":0},"skip":true},"skip":true},"22":{"name":"(anonymous_22)","line":121,"loc":{"start":{"line":68,"column":23},"end":{"line":68,"column":44}},"skip":true},"23":{"name":"(anonymous_23)","line":123,"loc":{"start":{"line":70,"column":40},"end":{"line":70,"column":57}},"skip":true},"24":{"name":"(anonymous_24)","line":130,"loc":{"start":{"line":77,"column":81},"end":{"line":77,"column":92}},"skip":true},"25":{"name":"(anonymous_25)","line":140,"loc":{"start":{"line":0,"column":0},"end":{"line":0,"column":0},"skip":true},"skip":true},"26":{"name":"_callee","line":141,"loc":{"start":{"line":0,"column":0},"end":{"line":0,"column":0},"skip":true},"skip":true},"27":{"name":"_callee$","line":143,"loc":{"start":{"line":0,"column":0},"end":{"line":0,"column":0},"skip":true},"skip":true},"28":{"name":"generateArticles","line":176,"loc":{"start":{"line":0,"column":0},"end":{"line":0,"column":0},"skip":true},"skip":true},"29":{"name":"(anonymous_29)","line":182,"loc":{"start":{"line":0,"column":0},"end":{"line":0,"column":0},"skip":true},"skip":true},"30":{"name":"_callee2","line":183,"loc":{"start":{"line":0,"column":0},"end":{"line":0,"column":0},"skip":true},"skip":true},"31":{"name":"_callee2$","line":185,"loc":{"start":{"line":0,"column":0},"end":{"line":0,"column":0},"skip":true},"skip":true},"32":{"name":"generateArticleBacklinks","line":218,"loc":{"start":{"line":0,"column":0},"end":{"line":0,"column":0},"skip":true},"skip":true},"33":{"name":"(anonymous_33)","line":224,"loc":{"start":{"line":0,"column":0},"end":{"line":0,"column":0},"skip":true},"skip":true},"34":{"name":"_callee3","line":225,"loc":{"start":{"line":0,"column":0},"end":{"line":0,"column":0},"skip":true},"skip":true},"35":{"name":"_callee3$","line":230,"loc":{"start":{"line":0,"column":0},"end":{"line":0,"column":0},"skip":true},"skip":true},"36":{"name":"(anonymous_36)","line":264,"loc":{"start":{"line":123,"column":97},"end":{"line":123,"column":108}},"skip":true},"37":{"name":"populateArticleBacklinks","line":292,"loc":{"start":{"line":0,"column":0},"end":{"line":0,"column":0},"skip":true},"skip":true}},"statementMap":{"1":{"start":{"line":0,"column":0},"end":{"line":0,"column":0},"skip":true},"2":{"start":{"line":0,"column":0},"end":{"line":0,"column":0},"skip":true},"3":{"start":{"line":0,"column":0},"end":{"line":0,"column":0},"skip":true},"4":{"start":{"line":0,"column":0},"end":{"line":0,"column":0},"skip":true},"5":{"start":{"line":0,"column":0},"end":{"line":0,"column":0},"skip":true},"6":{"start":{"line":0,"column":0},"end":{"line":0,"column":0},"skip":true},"7":{"start":{"line":0,"column":0},"end":{"line":0,"column":0},"skip":true},"8":{"start":{"line":0,"column":0},"end":{"line":0,"column":0},"skip":true},"9":{"start":{"line":0,"column":0},"end":{"line":0,"column":0},"skip":true},"10":{"start":{"line":0,"column":0},"end":{"line":0,"column":0},"skip":true},"11":{"start":{"line":0,"column":0},"end":{"line":0,"column":0},"skip":true},"12":{"start":{"line":0,"column":0},"end":{"line":0,"column":0},"skip":true},"13":{"start":{"line":0,"column":0},"end":{"line":0,"column":0},"skip":true},"14":{"start":{"line":0,"column":0},"end":{"line":0,"column":0},"skip":true},"15":{"start":{"line":0,"column":0},"end":{"line":0,"column":0},"skip":true},"16":{"start":{"line":0,"column":0},"end":{"line":0,"column":0},"skip":true},"17":{"start":{"line":0,"column":0},"end":{"line":0,"column":0},"skip":true},"18":{"start":{"line":0,"column":0},"end":{"line":0,"column":0},"skip":true},"19":{"start":{"line":0,"column":0},"end":{"line":0,"column":0},"skip":true},"20":{"start":{"line":0,"column":0},"end":{"line":0,"column":0},"skip":true},"21":{"start":{"line":0,"column":0},"end":{"line":0,"column":0},"skip":true},"22":{"start":{"line":0,"column":0},"end":{"line":0,"column":0},"skip":true},"23":{"start":{"line":0,"column":0},"end":{"line":0,"column":0},"skip":true},"24":{"start":{"line":0,"column":0},"end":{"line":0,"column":0},"skip":true},"25":{"start":{"line":0,"column":0},"end":{"line":0,"column":0},"skip":true},"26":{"start":{"line":0,"column":0},"end":{"line":0,"column":0},"skip":true},"27":{"start":{"line":0,"column":0},"end":{"line":0,"column":0},"skip":true},"28":{"start":{"line":0,"column":0},"end":{"line":0,"column":0},"skip":true},"29":{"start":{"line":0,"column":0},"end":{"line":0,"column":0},"skip":true},"30":{"start":{"line":0,"column":0},"end":{"line":0,"column":0},"skip":true},"31":{"start":{"line":0,"column":0},"end":{"line":0,"column":0},"skip":true},"32":{"start":{"line":0,"column":0},"end":{"line":0,"column":0},"skip":true},"33":{"start":{"line":0,"column":0},"end":{"line":0,"column":0},"skip":true},"34":{"start":{"line":0,"column":0},"end":{"line":0,"column":0},"skip":true},"35":{"start":{"line":0,"column":0},"end":{"line":0,"column":0},"skip":true},"36":{"start":{"line":0,"column":0},"end":{"line":0,"column":0},"skip":true},"37":{"start":{"line":0,"column":0},"end":{"line":0,"column":0},"skip":true},"38":{"start":{"line":0,"column":0},"end":{"line":0,"column":0},"skip":true},"39":{"start":{"line":0,"column":0},"end":{"line":0,"column":0},"skip":true},"40":{"start":{"line":0,"column":0},"end":{"line":0,"column":0},"skip":true},"41":{"start":{"line":0,"column":0},"end":{"line":0,"column":0},"skip":true},"42":{"start":{"line":0,"column":0},"end":{"line":0,"column":0},"skip":true},"43":{"start":{"line":0,"column":0},"end":{"line":0,"column":0},"skip":true},"44":{"start":{"line":0,"column":0},"end":{"line":0,"column":0},"skip":true},"45":{"start":{"line":0,"column":0},"end":{"line":0,"column":0},"skip":true},"46":{"start":{"line":0,"column":0},"end":{"line":0,"column":0},"skip":true},"47":{"start":{"line":0,"column":0},"end":{"line":0,"column":0},"skip":true},"48":{"start":{"line":0,"column":0},"end":{"line":0,"column":0},"skip":true},"49":{"start":{"line":0,"column":0},"end":{"line":0,"column":0},"skip":true},"50":{"start":{"line":0,"column":0},"end":{"line":0,"column":0},"skip":true},"51":{"start":{"line":0,"column":0},"end":{"line":0,"column":0},"skip":true},"52":{"start":{"line":0,"column":0},"end":{"line":0,"column":0},"skip":true},"53":{"start":{"line":0,"column":0},"end":{"line":0,"column":0},"skip":true},"54":{"start":{"line":0,"column":0},"end":{"line":0,"column":0},"skip":true},"55":{"start":{"line":0,"column":0},"end":{"line":0,"column":0},"skip":true},"56":{"start":{"line":0,"column":0},"end":{"line":0,"column":0},"skip":true},"57":{"start":{"line":0,"column":0},"end":{"line":0,"column":0},"skip":true},"58":{"start":{"line":13,"column":2},"end":{"line":22,"column":3}},"59":{"start":{"line":0,"column":0},"end":{"line":0,"column":0},"skip":true},"60":{"start":{"line":14,"column":4},"end":{"line":18,"column":7}},"61":{"start":{"line":19,"column":4},"end":{"line":19,"column":21}},"62":{"start":{"line":20,"column":4},"end":{"line":20,"column":25}},"63":{"start":{"line":21,"column":4},"end":{"line":21,"column":22}},"64":{"start":{"line":0,"column":0},"end":{"line":0,"column":0},"skip":true},"65":{"start":{"line":0,"column":0},"end":{"line":0,"column":0},"skip":true},"66":{"start":{"line":26,"column":4},"end":{"line":38,"column":7},"skip":true},"67":{"start":{"line":39,"column":4},"end":{"line":46,"column":7},"skip":true},"68":{"start":{"line":40,"column":6},"end":{"line":40,"column":31},"skip":true},"69":{"start":{"line":41,"column":6},"end":{"line":45,"column":7},"skip":true},"70":{"start":{"line":43,"column":10},"end":{"line":43,"column":92},"skip":true},"71":{"start":{"line":0,"column":0},"end":{"line":0,"column":0},"skip":true},"72":{"start":{"line":44,"column":10},"end":{"line":44,"column":16},"skip":true},"73":{"start":{"line":0,"column":0},"end":{"line":0,"column":0},"skip":true},"74":{"start":{"line":50,"column":4},"end":{"line":64,"column":7},"skip":true},"75":{"start":{"line":51,"column":6},"end":{"line":63,"column":9},"skip":true},"76":{"start":{"line":52,"column":8},"end":{"line":55,"column":9},"skip":true},"77":{"start":{"line":53,"column":10},"end":{"line":53,"column":24},"skip":true},"78":{"start":{"line":54,"column":10},"end":{"line":54,"column":17},"skip":true},"79":{"start":{"line":56,"column":8},"end":{"line":56,"column":68},"skip":true},"80":{"start":{"line":57,"column":8},"end":{"line":57,"column":38},"skip":true},"81":{"start":{"line":58,"column":8},"end":{"line":62,"column":9},"skip":true},"82":{"start":{"line":59,"column":10},"end":{"line":61,"column":13},"skip":true},"83":{"start":{"line":60,"column":12},"end":{"line":60,"column":64},"skip":true},"84":{"start":{"line":0,"column":0},"end":{"line":0,"column":0},"skip":true},"85":{"start":{"line":68,"column":4},"end":{"line":83,"column":7},"skip":true},"86":{"start":{"line":69,"column":6},"end":{"line":69,"column":21},"skip":true},"87":{"start":{"line":70,"column":6},"end":{"line":82,"column":9},"skip":true},"88":{"start":{"line":71,"column":8},"end":{"line":74,"column":9},"skip":true},"89":{"start":{"line":72,"column":10},"end":{"line":72,"column":24},"skip":true},"90":{"start":{"line":73,"column":10},"end":{"line":73,"column":17},"skip":true},"91":{"start":{"line":75,"column":8},"end":{"line":75,"column":52},"skip":true},"92":{"start":{"line":76,"column":8},"end":{"line":81,"column":9},"skip":true},"93":{"start":{"line":77,"column":10},"end":{"line":79,"column":13},"skip":true},"94":{"start":{"line":78,"column":12},"end":{"line":78,"column":64},"skip":true},"95":{"start":{"line":80,"column":10},"end":{"line":80,"column":37},"skip":true},"96":{"start":{"line":0,"column":0},"end":{"line":0,"column":0},"skip":true},"97":{"start":{"line":0,"column":0},"end":{"line":0,"column":0},"skip":true},"98":{"start":{"line":0,"column":0},"end":{"line":0,"column":0},"skip":true},"99":{"start":{"line":0,"column":0},"end":{"line":0,"column":0},"skip":true},"100":{"start":{"line":0,"column":0},"end":{"line":0,"column":0},"skip":true},"101":{"start":{"line":87,"column":8},"end":{"line":87,"column":21},"skip":true},"102":{"start":{"line":0,"column":0},"end":{"line":0,"column":0},"skip":true},"103":{"start":{"line":0,"column":0},"end":{"line":0,"column":0},"skip":true},"104":{"start":{"line":0,"column":0},"end":{"line":0,"column":0},"skip":true},"105":{"start":{"line":89,"column":6},"end":{"line":89,"column":14},"skip":true},"106":{"start":{"line":0,"column":0},"end":{"line":0,"column":0},"skip":true},"107":{"start":{"line":0,"column":0},"end":{"line":0,"column":0},"skip":true},"108":{"start":{"line":0,"column":0},"end":{"line":0,"column":0},"skip":true},"109":{"start":{"line":0,"column":0},"end":{"line":0,"column":0},"skip":true},"110":{"start":{"line":91,"column":6},"end":{"line":91,"column":49},"skip":true},"111":{"start":{"line":92,"column":6},"end":{"line":92,"column":41},"skip":true},"112":{"start":{"line":0,"column":0},"end":{"line":0,"column":0},"skip":true},"113":{"start":{"line":0,"column":0},"end":{"line":0,"column":0},"skip":true},"114":{"start":{"line":0,"column":0},"end":{"line":0,"column":0},"skip":true},"115":{"start":{"line":0,"column":0},"end":{"line":0,"column":0},"skip":true},"116":{"start":{"line":0,"column":0},"end":{"line":0,"column":0},"skip":true},"117":{"start":{"line":0,"column":0},"end":{"line":0,"column":0},"skip":true},"118":{"start":{"line":0,"column":0},"end":{"line":0,"column":0},"skip":true},"119":{"start":{"line":0,"column":0},"end":{"line":0,"column":0},"skip":true},"120":{"start":{"line":0,"column":0},"end":{"line":0,"column":0},"skip":true},"121":{"start":{"line":0,"column":0},"end":{"line":0,"column":0},"skip":true},"122":{"start":{"line":99,"column":8},"end":{"line":99,"column":21},"skip":true},"123":{"start":{"line":0,"column":0},"end":{"line":0,"column":0},"skip":true},"124":{"start":{"line":0,"column":0},"end":{"line":0,"column":0},"skip":true},"125":{"start":{"line":0,"column":0},"end":{"line":0,"column":0},"skip":true},"126":{"start":{"line":101,"column":6},"end":{"line":101,"column":14},"skip":true},"127":{"start":{"line":0,"column":0},"end":{"line":0,"column":0},"skip":true},"128":{"start":{"line":0,"column":0},"end":{"line":0,"column":0},"skip":true},"129":{"start":{"line":0,"column":0},"end":{"line":0,"column":0},"skip":true},"130":{"start":{"line":0,"column":0},"end":{"line":0,"column":0},"skip":true},"131":{"start":{"line":103,"column":6},"end":{"line":103,"column":58},"skip":true},"132":{"start":{"line":104,"column":6},"end":{"line":104,"column":59},"skip":true},"133":{"start":{"line":0,"column":0},"end":{"line":0,"column":0},"skip":true},"134":{"start":{"line":0,"column":0},"end":{"line":0,"column":0},"skip":true},"135":{"start":{"line":0,"column":0},"end":{"line":0,"column":0},"skip":true},"136":{"start":{"line":0,"column":0},"end":{"line":0,"column":0},"skip":true},"137":{"start":{"line":0,"column":0},"end":{"line":0,"column":0},"skip":true},"138":{"start":{"line":0,"column":0},"end":{"line":0,"column":0},"skip":true},"139":{"start":{"line":0,"column":0},"end":{"line":0,"column":0},"skip":true},"140":{"start":{"line":0,"column":0},"end":{"line":0,"column":0},"skip":true},"141":{"start":{"line":0,"column":0},"end":{"line":0,"column":0},"skip":true},"142":{"start":{"line":0,"column":0},"end":{"line":0,"column":0},"skip":true},"143":{"start":{"line":0,"column":0},"end":{"line":0,"column":0},"skip":true},"144":{"start":{"line":0,"column":0},"end":{"line":0,"column":0},"skip":true},"145":{"start":{"line":112,"column":10},"end":{"line":112,"column":15},"skip":true},"146":{"start":{"line":113,"column":10},"end":{"line":113,"column":28},"skip":true},"147":{"start":{"line":114,"column":10},"end":{"line":114,"column":19},"skip":true},"148":{"start":{"line":115,"column":6},"end":{"line":117,"column":7},"skip":true},"149":{"start":{"line":116,"column":8},"end":{"line":116,"column":52},"skip":true},"150":{"start":{"line":118,"column":11},"end":{"line":118,"column":12},"skip":true},"151":{"start":{"line":0,"column":0},"end":{"line":0,"column":0},"skip":true},"152":{"start":{"line":0,"column":0},"end":{"line":0,"column":0},"skip":true},"153":{"start":{"line":0,"column":0},"end":{"line":0,"column":0},"skip":true},"154":{"start":{"line":0,"column":0},"end":{"line":0,"column":0},"skip":true},"155":{"start":{"line":0,"column":0},"end":{"line":0,"column":0},"skip":true},"156":{"start":{"line":119,"column":8},"end":{"line":119,"column":25},"skip":true},"157":{"start":{"line":120,"column":8},"end":{"line":120,"column":38},"skip":true},"158":{"start":{"line":121,"column":8},"end":{"line":121,"column":40},"skip":true},"159":{"start":{"line":0,"column":0},"end":{"line":0,"column":0},"skip":true},"160":{"start":{"line":0,"column":0},"end":{"line":0,"column":0},"skip":true},"161":{"start":{"line":0,"column":0},"end":{"line":0,"column":0},"skip":true},"162":{"start":{"line":123,"column":10},"end":{"line":125,"column":13},"skip":true},"163":{"start":{"line":124,"column":12},"end":{"line":124,"column":64},"skip":true},"164":{"start":{"line":0,"column":0},"end":{"line":0,"column":0},"skip":true},"165":{"start":{"line":118,"column":35},"end":{"line":118,"column":41},"skip":true},"166":{"start":{"line":0,"column":0},"end":{"line":0,"column":0},"skip":true},"167":{"start":{"line":0,"column":0},"end":{"line":0,"column":0},"skip":true},"168":{"start":{"line":0,"column":0},"end":{"line":0,"column":0},"skip":true},"169":{"start":{"line":0,"column":0},"end":{"line":0,"column":0},"skip":true},"170":{"start":{"line":0,"column":0},"end":{"line":0,"column":0},"skip":true},"171":{"start":{"line":0,"column":0},"end":{"line":0,"column":0},"skip":true},"172":{"start":{"line":130,"column":6},"end":{"line":130,"column":20},"skip":true},"173":{"start":{"line":0,"column":0},"end":{"line":0,"column":0},"skip":true},"174":{"start":{"line":0,"column":0},"end":{"line":0,"column":0},"skip":true},"175":{"start":{"line":0,"column":0},"end":{"line":0,"column":0},"skip":true},"176":{"start":{"line":0,"column":0},"end":{"line":0,"column":0},"skip":true},"177":{"start":{"line":0,"column":0},"end":{"line":0,"column":0},"skip":true}},"branchMap":{"1":{"line":3,"type":"binary-expr","locations":[{"start":{"line":0,"column":0},"end":{"line":0,"column":0},"skip":true},{"start":{"line":0,"column":0},"end":{"line":0,"column":0},"skip":true}]},"2":{"line":3,"type":"if","locations":[{"start":{"line":0,"column":0},"end":{"line":0,"column":0},"skip":true},{"start":{"line":0,"column":0},"end":{"line":0,"column":0},"skip":true}]},"3":{"line":3,"type":"if","locations":[{"start":{"line":0,"column":0},"end":{"line":0,"column":0},"skip":true},{"start":{"line":0,"column":0},"end":{"line":0,"column":0},"skip":true}]},"4":{"line":3,"type":"if","locations":[{"start":{"line":0,"column":0},"end":{"line":0,"column":0},"skip":true},{"start":{"line":0,"column":0},"end":{"line":0,"column":0},"skip":true}]},"5":{"line":46,"type":"cond-expr","locations":[{"start":{"line":0,"column":0},"end":{"line":0,"column":0},"skip":true},{"start":{"line":0,"column":0},"end":{"line":0,"column":0},"skip":true}]},"6":{"line":46,"type":"binary-expr","locations":[{"start":{"line":0,"column":0},"end":{"line":0,"column":0},"skip":true},{"start":{"line":0,"column":0},"end":{"line":0,"column":0},"skip":true}]},"7":{"line":48,"type":"if","locations":[{"start":{"line":0,"column":0},"end":{"line":0,"column":0},"skip":true},{"start":{"line":0,"column":0},"end":{"line":0,"column":0},"skip":true}]},"8":{"line":50,"type":"if","locations":[{"start":{"line":0,"column":0},"end":{"line":0,"column":0},"skip":true},{"start":{"line":0,"column":0},"end":{"line":0,"column":0},"skip":true}]},"9":{"line":86,"type":"switch","locations":[{"start":{"line":42,"column":8},"end":{"line":44,"column":16},"skip":true}]},"10":{"line":102,"type":"if","locations":[{"start":{"line":52,"column":8},"end":{"line":52,"column":8},"skip":true},{"start":{"line":52,"column":8},"end":{"line":52,"column":8},"skip":true}]},"11":{"line":108,"type":"if","locations":[{"start":{"line":58,"column":8},"end":{"line":58,"column":8},"skip":true},{"start":{"line":58,"column":8},"end":{"line":58,"column":8},"skip":true}]},"12":{"line":110,"type":"cond-expr","locations":[{"start":{"line":60,"column":36},"end":{"line":60,"column":56},"skip":true},{"start":{"line":60,"column":59},"end":{"line":60,"column":63},"skip":true}]},"13":{"line":110,"type":"binary-expr","locations":[{"start":{"line":60,"column":12},"end":{"line":60,"column":17},"skip":true},{"start":{"line":60,"column":21},"end":{"line":60,"column":33},"skip":true}]},"14":{"line":124,"type":"if","locations":[{"start":{"line":71,"column":8},"end":{"line":71,"column":8},"skip":true},{"start":{"line":71,"column":8},"end":{"line":71,"column":8},"skip":true}]},"15":{"line":129,"type":"if","locations":[{"start":{"line":76,"column":8},"end":{"line":76,"column":8},"skip":true},{"start":{"line":76,"column":8},"end":{"line":76,"column":8},"skip":true}]},"16":{"line":131,"type":"cond-expr","locations":[{"start":{"line":78,"column":36},"end":{"line":78,"column":56},"skip":true},{"start":{"line":78,"column":59},"end":{"line":78,"column":63},"skip":true}]},"17":{"line":131,"type":"binary-expr","locations":[{"start":{"line":78,"column":12},"end":{"line":78,"column":17},"skip":true},{"start":{"line":78,"column":21},"end":{"line":78,"column":33},"skip":true}]},"18":{"line":145,"type":"switch","locations":[{"start":{"line":0,"column":0},"end":{"line":0,"column":0},"skip":true},{"start":{"line":0,"column":0},"end":{"line":0,"column":0},"skip":true},{"start":{"line":0,"column":0},"end":{"line":0,"column":0},"skip":true},{"start":{"line":0,"column":0},"end":{"line":0,"column":0},"skip":true},{"start":{"line":0,"column":0},"end":{"line":0,"column":0},"skip":true},{"start":{"line":0,"column":0},"end":{"line":0,"column":0},"skip":true}]},"19":{"line":161,"type":"cond-expr","locations":[{"start":{"line":91,"column":21},"end":{"line":91,"column":41},"skip":true},{"start":{"line":91,"column":44},"end":{"line":91,"column":48},"skip":true}]},"20":{"line":187,"type":"switch","locations":[{"start":{"line":0,"column":0},"end":{"line":0,"column":0},"skip":true},{"start":{"line":0,"column":0},"end":{"line":0,"column":0},"skip":true},{"start":{"line":0,"column":0},"end":{"line":0,"column":0},"skip":true},{"start":{"line":0,"column":0},"end":{"line":0,"column":0},"skip":true},{"start":{"line":0,"column":0},"end":{"line":0,"column":0},"skip":true},{"start":{"line":0,"column":0},"end":{"line":0,"column":0},"skip":true}]},"21":{"line":203,"type":"cond-expr","locations":[{"start":{"line":103,"column":30},"end":{"line":103,"column":50},"skip":true},{"start":{"line":103,"column":53},"end":{"line":103,"column":57},"skip":true}]},"22":{"line":203,"type":"binary-expr","locations":[{"start":{"line":103,"column":6},"end":{"line":103,"column":6},"skip":true},{"start":{"line":103,"column":15},"end":{"line":103,"column":27},"skip":true}]},"23":{"line":232,"type":"switch","locations":[{"start":{"line":0,"column":0},"end":{"line":0,"column":0},"skip":true},{"start":{"line":0,"column":0},"end":{"line":0,"column":0},"skip":true},{"start":{"line":0,"column":0},"end":{"line":0,"column":0},"skip":true},{"start":{"line":0,"column":0},"end":{"line":0,"column":0},"skip":true},{"start":{"line":0,"column":0},"end":{"line":0,"column":0},"skip":true},{"start":{"line":0,"column":0},"end":{"line":0,"column":0},"skip":true},{"start":{"line":0,"column":0},"end":{"line":0,"column":0},"skip":true},{"start":{"line":0,"column":0},"end":{"line":0,"column":0},"skip":true}]},"24":{"line":239,"type":"if","locations":[{"start":{"line":115,"column":6},"end":{"line":115,"column":6},"skip":true},{"start":{"line":115,"column":6},"end":{"line":115,"column":6},"skip":true}]},"25":{"line":245,"type":"if","locations":[{"start":{"line":0,"column":0},"end":{"line":0,"column":0},"skip":true},{"start":{"line":0,"column":0},"end":{"line":0,"column":0},"skip":true}]},"26":{"line":256,"type":"cond-expr","locations":[{"start":{"line":120,"column":21},"end":{"line":120,"column":30},"skip":true},{"start":{"line":120,"column":33},"end":{"line":120,"column":37},"skip":true}]},"27":{"line":259,"type":"if","locations":[{"start":{"line":0,"column":0},"end":{"line":0,"column":0},"skip":true},{"start":{"line":0,"column":0},"end":{"line":0,"column":0},"skip":true}]},"28":{"line":265,"type":"cond-expr","locations":[{"start":{"line":124,"column":36},"end":{"line":124,"column":56},"skip":true},{"start":{"line":124,"column":59},"end":{"line":124,"column":63},"skip":true}]},"29":{"line":265,"type":"binary-expr","locations":[{"start":{"line":124,"column":12},"end":{"line":124,"column":17},"skip":true},{"start":{"line":124,"column":21},"end":{"line":124,"column":33},"skip":true}]}}},"/home/ian/no_subject_webscraper/etc/utils.js":{"path":"/home/ian/no_subject_webscraper/etc/utils.js","s":{"1":1,"2":1,"3":1,"4":1,"5":1,"6":1,"7":1,"8":1,"9":1,"10":1,"11":1,"12":0,"13":1,"14":1,"15":1,"16":1,"17":1,"18":0,"19":0,"20":1,"21":1,"22":0,"23":1,"24":11,"25":11,"26":11,"27":297,"28":11,"29":11,"30":1,"31":9997,"32":9997,"33":1,"34":354,"35":354,"36":9997,"37":354,"38":354,"39":1,"40":11,"41":22,"42":354,"43":11,"44":1,"45":11,"46":11,"47":1,"48":1},"b":{"1":[1,1],"2":[1,0],"3":[0,1],"4":[1,0],"5":[0,0],"6":[9997,9680]},"f":{"1":1,"2":1,"3":1,"4":0,"5":1,"6":0,"7":11,"8":9997,"9":354,"10":11,"11":354,"12":11},"fnMap":{"1":{"name":"(anonymous_1)","line":3,"loc":{"start":{"line":0,"column":0},"end":{"line":0,"column":0},"skip":true},"skip":true},"2":{"name":"defineProperties","line":3,"loc":{"start":{"line":0,"column":0},"end":{"line":0,"column":0},"skip":true},"skip":true},"3":{"name":"(anonymous_3)","line":3,"loc":{"start":{"line":0,"column":0},"end":{"line":0,"column":0},"skip":true},"skip":true},"4":{"name":"_classCallCheck","line":9,"loc":{"start":{"line":0,"column":0},"end":{"line":0,"column":0},"skip":true},"skip":true},"5":{"name":"(anonymous_5)","line":20,"loc":{"start":{"line":10,"column":26},"end":{"line":10,"column":26}}},"6":{"name":"Utils","line":21,"loc":{"start":{"line":0,"column":0},"end":{"line":0,"column":0},"skip":true},"skip":true},"7":{"name":"fixUtf8","line":27,"loc":{"start":{"line":0,"column":0},"end":{"line":0,"column":0},"skip":true},"skip":true},"8":{"name":"getbyte","line":67,"loc":{"start":{"line":51,"column":4},"end":{"line":51,"column":29}}},"9":{"name":"sub","line":73,"loc":{"start":{"line":57,"column":4},"end":{"line":57,"column":25}}},"10":{"name":"fix","line":82,"loc":{"start":{"line":66,"column":4},"end":{"line":66,"column":34}}},"11":{"name":"(anonymous_11)","line":84,"loc":{"start":{"line":68,"column":41},"end":{"line":68,"column":53}}},"12":{"name":"format","line":91,"loc":{"start":{"line":75,"column":4},"end":{"line":75,"column":28}}}},"statementMap":{"1":{"start":{"line":0,"column":0},"end":{"line":0,"column":0},"skip":true},"2":{"start":{"line":0,"column":0},"end":{"line":0,"column":0},"skip":true},"3":{"start":{"line":0,"column":0},"end":{"line":0,"column":0},"skip":true},"4":{"start":{"line":0,"column":0},"end":{"line":0,"column":0},"skip":true},"5":{"start":{"line":0,"column":0},"end":{"line":0,"column":0},"skip":true},"6":{"start":{"line":0,"column":0},"end":{"line":0,"column":0},"skip":true},"7":{"start":{"line":0,"column":0},"end":{"line":0,"column":0},"skip":true},"8":{"start":{"line":0,"column":0},"end":{"line":0,"column":0},"skip":true},"9":{"start":{"line":0,"column":0},"end":{"line":0,"column":0},"skip":true},"10":{"start":{"line":0,"column":0},"end":{"line":0,"column":0},"skip":true},"11":{"start":{"line":0,"column":0},"end":{"line":0,"column":0},"skip":true},"12":{"start":{"line":0,"column":0},"end":{"line":0,"column":0},"skip":true},"13":{"start":{"line":0,"column":0},"end":{"line":0,"column":0},"skip":true},"14":{"start":{"line":0,"column":0},"end":{"line":0,"column":0},"skip":true},"15":{"start":{"line":0,"column":0},"end":{"line":0,"column":0},"skip":true},"16":{"start":{"line":0,"column":0},"end":{"line":0,"column":0},"skip":true},"17":{"start":{"line":0,"column":0},"end":{"line":0,"column":0},"skip":true},"18":{"start":{"line":0,"column":0},"end":{"line":0,"column":0},"skip":true},"19":{"start":{"line":0,"column":0},"end":{"line":0,"column":0},"skip":true},"20":{"start":{"line":0,"column":0},"end":{"line":0,"column":0},"skip":true},"21":{"start":{"line":0,"column":0},"end":{"line":0,"column":0},"skip":true},"22":{"start":{"line":0,"column":0},"end":{"line":0,"column":0},"skip":true},"23":{"start":{"line":0,"column":0},"end":{"line":0,"column":0},"skip":true},"24":{"start":{"line":12,"column":4},"end":{"line":40,"column":6}},"25":{"start":{"line":42,"column":4},"end":{"line":42,"column":23}},"26":{"start":{"line":44,"column":4},"end":{"line":46,"column":5}},"27":{"start":{"line":45,"column":6},"end":{"line":45,"column":27}},"28":{"start":{"line":48,"column":4},"end":{"line":48,"column":64}},"29":{"start":{"line":49,"column":4},"end":{"line":49,"column":129}},"30":{"start":{"line":51,"column":4},"end":{"line":55,"column":5}},"31":{"start":{"line":52,"column":6},"end":{"line":52,"column":33}},"32":{"start":{"line":52,"column":34},"end":{"line":54,"column":28}},"33":{"start":{"line":57,"column":4},"end":{"line":64,"column":5}},"34":{"start":{"line":58,"column":6},"end":{"line":58,"column":21}},"35":{"start":{"line":59,"column":6},"end":{"line":61,"column":7}},"36":{"start":{"line":60,"column":8},"end":{"line":60,"column":56}},"37":{"start":{"line":62,"column":6},"end":{"line":62,"column":42}},"38":{"start":{"line":63,"column":6},"end":{"line":63,"column":48}},"39":{"start":{"line":66,"column":4},"end":{"line":73,"column":5}},"40":{"start":{"line":67,"column":6},"end":{"line":71,"column":7}},"41":{"start":{"line":68,"column":8},"end":{"line":70,"column":11}},"42":{"start":{"line":69,"column":10},"end":{"line":69,"column":29}},"43":{"start":{"line":72,"column":6},"end":{"line":72,"column":20}},"44":{"start":{"line":75,"column":4},"end":{"line":77,"column":5}},"45":{"start":{"line":76,"column":6},"end":{"line":76,"column":40}},"46":{"start":{"line":79,"column":4},"end":{"line":79,"column":40}},"47":{"start":{"line":0,"column":0},"end":{"line":0,"column":0},"skip":true},"48":{"start":{"line":0,"column":0},"end":{"line":0,"column":0},"skip":true}},"branchMap":{"1":{"line":3,"type":"binary-expr","locations":[{"start":{"line":0,"column":0},"end":{"line":0,"column":0},"skip":true},{"start":{"line":0,"column":0},"end":{"line":0,"column":0},"skip":true}]},"2":{"line":3,"type":"if","locations":[{"start":{"line":0,"column":0},"end":{"line":0,"column":0},"skip":true},{"start":{"line":0,"column":0},"end":{"line":0,"column":0},"skip":true}]},"3":{"line":3,"type":"if","locations":[{"start":{"line":0,"column":0},"end":{"line":0,"column":0},"skip":true},{"start":{"line":0,"column":0},"end":{"line":0,"column":0},"skip":true}]},"4":{"line":3,"type":"if","locations":[{"start":{"line":0,"column":0},"end":{"line":0,"column":0},"skip":true},{"start":{"line":0,"column":0},"end":{"line":0,"column":0},"skip":true}]},"5":{"line":9,"type":"if","locations":[{"start":{"line":0,"column":0},"end":{"line":0,"column":0},"skip":true},{"start":{"line":0,"column":0},"end":{"line":0,"column":0},"skip":true}]},"6":{"line":70,"type":"binary-expr","locations":[{"start":{"line":54,"column":13},"end":{"line":54,"column":17}},{"start":{"line":54,"column":21},"end":{"line":54,"column":27}}]}}}}