TN:
SF:/home/ian/no_subject_webscraper/app/source/graphGenerator.js
FN:3,(anonymous_1)
FN:3,defineProperties
FN:3,(anonymous_3)
FN:21,_interopRequireDefault
FN:23,_asyncToGenerator
FN:23,(anonymous_6)
FN:23,(anonymous_7)
FN:23,step
FN:23,(anonymous_9)
FN:23,(anonymous_10)
FN:25,_classCallCheck
FN:27,(anonymous_12)
FN:28,GraphGenerator
FN:38,clearGraph
FN:45,ensureNodeUniqueness
FN:48,(anonymous_16)
FN:64,(anonymous_17)
FN:68,(anonymous_18)
FN:69,(anonymous_19)
FN:82,ensureArticleUniqueness
FN:85,(anonymous_21)
FN:100,(anonymous_22)
FN:110,fetchArticle
FN:123,findNode
FN:136,(anonymous_25)
FN:137,_callee
FN:139,_callee$
FN:174,generateArticles
FN:180,(anonymous_29)
FN:181,_callee2
FN:184,_callee2$
FN:274,generateLinkedNodes
FN:280,generateLinks
FN:303,generateNodes
FN:315,(anonymous_35)
FN:316,_callee3
FN:319,_callee3$
FN:367,populateNodes
FN:373,removeNode
FN:379,shuffle
FNF:40
FNH:38
FNDA:1,(anonymous_1)
FNDA:1,defineProperties
FNDA:1,(anonymous_3)
FNDA:2,_interopRequireDefault
FNDA:3,_asyncToGenerator
FNDA:10,(anonymous_6)
FNDA:10,(anonymous_7)
FNDA:35,step
FNDA:25,(anonymous_9)
FNDA:0,(anonymous_10)
FNDA:1,_classCallCheck
FNDA:1,(anonymous_12)
FNDA:1,GraphGenerator
FNDA:0,clearGraph
FNDA:5,ensureNodeUniqueness
FNDA:635,(anonymous_16)
FNDA:153,(anonymous_17)
FNDA:0,(anonymous_18)
FNDA:0,(anonymous_19)
FNDA:15,ensureArticleUniqueness
FNDA:8554,(anonymous_21)
FNDA:1281,(anonymous_22)
FNDA:87,fetchArticle
FNDA:2,findNode
FNDA:1,(anonymous_25)
FNDA:5,_callee
FNDA:15,_callee$
FNDA:5,generateArticles
FNDA:1,(anonymous_29)
FNDA:5,_callee2
FNDA:129,_callee2$
FNDA:5,generateLinkedNodes
FNDA:0,generateLinks
FNDA:6,generateNodes
FNDA:1,(anonymous_35)
FNDA:0,_callee3
FNDA:0,_callee3$
FNDA:0,populateNodes
FNDA:0,removeNode
FNDA:0,shuffle
DA:0,175179
DA:7,1
DA:8,1
DA:9,1
DA:10,1
DA:14,0
DA:15,0
DA:16,0
DA:20,5
DA:22,5
DA:23,635
DA:24,290
DA:25,345
DA:26,345
DA:28,0
DA:30,5
DA:33,148
DA:34,0
DA:36,5
DA:39,153
DA:40,5
DA:43,0
DA:44,0
DA:45,0
DA:49,5
DA:51,0
DA:56,15
DA:58,15
DA:59,8554
DA:60,3876
DA:61,4678
DA:62,4673
DA:64,5
DA:66,15
DA:69,1282
DA:70,16
DA:73,15
DA:74,1281
DA:76,15
DA:78,0
DA:83,87
DA:84,87
DA:85,139887
DA:86,86
DA:90,0
DA:95,2
DA:96,2
DA:97,3
DA:98,2
DA:102,0
DA:108,5
DA:110,5
DA:111,16520
DA:112,985
DA:115,5
DA:116,5
DA:125,5
DA:126,5
DA:127,5
DA:128,5
DA:129,56
DA:130,56
DA:131,55
DA:134,16525
DA:135,71047
DA:137,99
DA:143,5
DA:144,5
DA:145,5
DA:147,5
DA:148,5
DA:149,5
DA:157,0
DA:158,0
DA:159,0
DA:160,0
DA:161,0
DA:162,0
DA:163,0
DA:164,0
DA:165,0
DA:170,0
DA:175,0
DA:179,6
DA:180,6
DA:181,168
DA:184,168
DA:186,6
DA:191,0
DA:192,0
DA:193,0
DA:194,0
DA:198,0
DA:203,0
DA:204,0
DA:208,0
DA:209,0
DA:210,0
DA:211,0
DA:212,0
DA:214,0
DA:218,1
LF:102
LH:66
BRDA:3,1,0,12
BRDA:3,1,1,12
BRDA:3,2,0,12
BRDA:3,2,1,0
BRDA:3,3,0,1
BRDA:3,3,1,0
BRDA:3,4,0,0
BRDA:3,4,1,1
BRDA:21,5,0,1
BRDA:21,5,1,1
BRDA:21,6,0,2
BRDA:21,6,1,2
BRDA:23,7,0,10
BRDA:23,7,1,25
BRDA:25,8,0,0
BRDA:25,8,1,1
BRDA:49,9,0,290
BRDA:49,9,1,345
BRDA:51,10,0,345
BRDA:51,10,1,0
BRDA:59,11,0,0
BRDA:59,11,1,148
BRDA:59,12,0,148
BRDA:59,12,1,148
BRDA:70,13,0,0
BRDA:70,13,1,0
BRDA:86,14,0,3876
BRDA:86,14,1,4678
BRDA:88,15,0,4673
BRDA:88,15,1,5
BRDA:96,16,0,16
BRDA:96,16,1,1266
BRDA:96,17,0,1282
BRDA:96,17,1,1282
BRDA:113,18,0,86
BRDA:113,18,1,139801
BRDA:126,19,0,2
BRDA:126,19,1,1
BRDA:141,20,0,5
BRDA:141,20,1,5
BRDA:141,20,2,0
BRDA:141,20,3,0
BRDA:141,20,4,5
BRDA:148,21,0,985
BRDA:148,21,1,15535
BRDA:186,22,0,5
BRDA:186,22,1,5
BRDA:186,22,2,16530
BRDA:186,22,3,87572
BRDA:186,22,4,71047
BRDA:186,22,5,16525
BRDA:186,22,6,5
BRDA:186,22,7,5
BRDA:186,22,8,5
BRDA:186,22,9,5
BRDA:186,22,10,0
BRDA:186,22,11,0
BRDA:186,22,12,5
BRDA:200,23,0,55
BRDA:200,23,1,1
BRDA:207,24,0,5
BRDA:207,24,1,16525
BRDA:215,25,0,16426
BRDA:215,25,1,71146
BRDA:220,26,0,71047
BRDA:220,26,1,99
BRDA:285,27,0,0
BRDA:285,27,1,0
BRDA:285,28,0,0
BRDA:285,28,1,0
BRDA:288,29,0,0
BRDA:288,29,1,0
BRDA:288,30,0,0
BRDA:288,30,1,0
BRDA:321,31,0,0
BRDA:321,31,1,0
BRDA:321,31,2,0
BRDA:321,31,3,0
BRDA:321,31,4,0
BRDA:321,31,5,0
BRDA:321,31,6,0
BRDA:321,31,7,0
BRDA:330,32,0,0
BRDA:330,32,1,0
BRF:84
BRH:72
end_of_record
TN:
SF:/home/ian/no_subject_webscraper/app/components/d3Chart.js
FN:3,(anonymous_1)
FN:3,defineProperties
FN:3,(anonymous_3)
FN:21,_interopRequireDefault
FN:23,_classCallCheck
FN:25,(anonymous_6)
FN:26,D3Chart
FN:36,initialize
FN:42,(anonymous_9)
FN:50,addNodes
FN:58,addNode
FN:67,addLabels
FN:91,clearGraph
FN:97,findNode
FN:107,findLinks
FN:119,redrawLinks
FN:126,removeAllLinks
FN:133,removeAllNodes
FN:140,removeNode
FN:159,updateLink
FN:160,(anonymous_21)
FN:162,(anonymous_22)
FN:164,(anonymous_23)
FN:166,(anonymous_24)
FN:172,updateNode
FN:173,(anonymous_26)
FN:179,update
FN:182,(anonymous_28)
FN:190,(anonymous_29)
FN:194,(anonymous_30)
FN:195,(anonymous_31)
FN:198,(anonymous_32)
FN:203,(anonymous_33)
FN:208,(anonymous_34)
FN:225,(anonymous_35)
FN:227,(anonymous_36)
FN:229,(anonymous_37)
FN:237,(anonymous_38)
FN:239,(anonymous_39)
FN:250,(anonymous_40)
FN:252,(anonymous_41)
FNF:41
FNH:21
FNDA:1,(anonymous_1)
FNDA:1,defineProperties
FNDA:1,(anonymous_3)
FNDA:3,_interopRequireDefault
FNDA:1,_classCallCheck
FNDA:1,(anonymous_6)
FNDA:1,D3Chart
FNDA:0,initialize
FNDA:0,(anonymous_9)
FNDA:0,addNodes
FNDA:0,addNode
FNDA:0,addLabels
FNDA:0,clearGraph
FNDA:0,findNode
FNDA:0,findLinks
FNDA:0,redrawLinks
FNDA:0,removeAllLinks
FNDA:0,removeAllNodes
FNDA:0,removeNode
FNDA:0,updateLink
FNDA:0,(anonymous_21)
FNDA:0,(anonymous_22)
FNDA:0,(anonymous_23)
FNDA:0,(anonymous_24)
FNDA:0,updateNode
FNDA:0,(anonymous_26)
FNDA:0,update
FNDA:0,(anonymous_28)
FNDA:0,(anonymous_29)
FNDA:0,(anonymous_30)
FNDA:0,(anonymous_31)
FNDA:0,(anonymous_32)
FNDA:0,(anonymous_33)
FNDA:0,(anonymous_34)
FNDA:0,(anonymous_35)
FNDA:0,(anonymous_36)
FNDA:0,(anonymous_37)
FNDA:0,(anonymous_38)
FNDA:0,(anonymous_39)
FNDA:0,(anonymous_40)
FNDA:0,(anonymous_41)
DA:0,14
DA:6,1
DA:7,1
DA:8,1
DA:9,1
DA:13,0
DA:14,0
DA:15,0
DA:16,0
DA:22,0
DA:31,0
DA:34,0
DA:45,0
DA:46,0
DA:48,0
DA:52,0
DA:53,0
DA:54,0
DA:55,0
DA:56,0
DA:60,0
DA:61,0
DA:62,0
DA:67,0
DA:72,0
DA:73,0
DA:74,0
DA:79,0
DA:83,0
DA:84,0
DA:88,0
DA:89,0
DA:90,0
DA:91,0
DA:97,0
DA:98,0
DA:99,0
DA:100,0
DA:101,0
DA:104,0
DA:108,0
DA:109,0
DA:110,0
DA:114,0
DA:115,0
DA:116,0
DA:120,0
DA:121,0
DA:122,0
DA:126,0
DA:127,0
DA:128,0
DA:131,0
DA:133,0
DA:134,0
DA:136,0
DA:137,0
DA:139,0
DA:140,0
DA:144,0
DA:145,0
DA:147,0
DA:149,0
DA:151,0
DA:156,0
DA:157,0
DA:162,0
DA:164,0
DA:167,0
DA:172,0
DA:174,0
DA:176,0
DA:179,0
DA:180,0
DA:181,0
DA:183,0
DA:184,0
DA:188,0
DA:189,0
DA:190,0
DA:193,0
DA:195,0
DA:198,0
DA:204,0
DA:205,0
DA:207,0
DA:210,0
DA:214,0
DA:216,0
DA:219,0
DA:221,0
DA:225,0
DA:229,0
DA:232,0
DA:235,0
DA:240,0
DA:242,0
DA:245,0
DA:251,0
DA:253,0
DA:255,0
DA:256,0
DA:258,0
DA:259,0
DA:260,0
DA:261,0
DA:262,0
DA:263,0
DA:265,0
DA:266,0
DA:268,0
DA:269,0
DA:270,0
DA:271,0
DA:272,0
DA:276,0
DA:278,0
DA:279,0
DA:280,0
DA:281,0
DA:286,1
LF:121
LH:6
BRDA:3,1,0,14
BRDA:3,1,1,14
BRDA:3,2,0,14
BRDA:3,2,1,0
BRDA:3,3,0,1
BRDA:3,3,1,0
BRDA:3,4,0,0
BRDA:3,4,1,1
BRDA:21,5,0,1
BRDA:21,5,1,2
BRDA:21,6,0,3
BRDA:21,6,1,3
BRDA:23,7,0,0
BRDA:23,7,1,1
BRDA:100,8,0,0
BRDA:100,8,1,0
BRDA:111,9,0,0
BRDA:111,9,1,0
BRDA:111,10,0,0
BRDA:111,10,1,0
BRDA:196,11,0,0
BRDA:196,11,1,0
BRDA:196,12,0,0
BRDA:196,12,1,0
BRDA:199,13,0,0
BRDA:199,13,1,0
BRDA:199,14,0,0
BRDA:199,14,1,0
BRDA:238,15,0,0
BRDA:238,15,1,0
BRDA:253,16,0,0
BRDA:253,16,1,0
BRF:32
BRH:14
end_of_record
TN:
SF:/home/ian/no_subject_webscraper/scraper.js
FN:3,(anonymous_1)
FN:3,defineProperties
FN:3,(anonymous_3)
FN:46,_interopRequireDefault
FN:48,_asyncToGenerator
FN:48,(anonymous_6)
FN:48,(anonymous_7)
FN:48,step
FN:48,(anonymous_9)
FN:48,(anonymous_10)
FN:50,_classCallCheck
FN:52,(anonymous_12)
FN:53,Scraper
FN:70,prompt
FN:84,(anonymous_15)
FN:88,(anonymous_16)
FN:97,fetchAllArticles
FN:100,(anonymous_18)
FN:101,(anonymous_19)
FN:109,(anonymous_20)
FN:118,fetchArticleBacklinks
FN:121,(anonymous_22)
FN:123,(anonymous_23)
FN:130,(anonymous_24)
FN:140,(anonymous_25)
FN:141,_callee
FN:143,_callee$
FN:176,generateArticles
FN:182,(anonymous_29)
FN:183,_callee2
FN:185,_callee2$
FN:218,generateArticleBacklinks
FN:224,(anonymous_33)
FN:225,_callee3
FN:230,_callee3$
FN:264,(anonymous_36)
FN:292,populateArticleBacklinks
FNF:37
FNH:37
FNDA:1,(anonymous_1)
FNDA:1,defineProperties
FNDA:1,(anonymous_3)
FNDA:8,_interopRequireDefault
FNDA:3,_asyncToGenerator
FNDA:6,(anonymous_6)
FNDA:6,(anonymous_7)
FNDA:17,step
FNDA:11,(anonymous_9)
FNDA:0,(anonymous_10)
FNDA:1,_classCallCheck
FNDA:1,(anonymous_12)
FNDA:1,Scraper
FNDA:0,prompt
FNDA:0,(anonymous_15)
FNDA:0,(anonymous_16)
FNDA:5,fetchAllArticles
FNDA:5,(anonymous_18)
FNDA:5,(anonymous_19)
FNDA:0,(anonymous_20)
FNDA:6,fetchArticleBacklinks
FNDA:6,(anonymous_22)
FNDA:5,(anonymous_23)
FNDA:0,(anonymous_24)
FNDA:1,(anonymous_25)
FNDA:2,_callee
FNDA:6,_callee$
FNDA:2,generateArticles
FNDA:1,(anonymous_29)
FNDA:1,_callee2
FNDA:3,_callee2$
FNDA:1,generateArticleBacklinks
FNDA:1,(anonymous_33)
FNDA:3,_callee3
FNDA:15,_callee3$
FNDA:3,(anonymous_36)
FNDA:3,populateArticleBacklinks
DA:0,27
DA:13,1
DA:14,1
DA:19,1
DA:20,1
DA:21,1
DA:26,1
DA:39,1
DA:40,1
DA:41,1
DA:43,1
DA:44,1
DA:50,5
DA:51,5
DA:52,5
DA:53,1
DA:54,1
DA:56,5
DA:57,5
DA:58,5
DA:59,5
DA:60,1
DA:68,6
DA:69,6
DA:70,6
DA:71,5
DA:72,1
DA:73,1
DA:75,5
DA:76,5
DA:77,5
DA:78,1
DA:80,5
DA:87,2
DA:89,1
DA:91,1
DA:92,1
DA:99,1
DA:101,1
DA:103,1
DA:104,1
DA:112,3
DA:113,3
DA:114,3
DA:115,3
DA:116,1
DA:118,6
DA:119,9
DA:120,9
DA:121,9
DA:123,3
DA:124,3
DA:130,1
LF:53
LH:53
BRDA:3,1,0,6
BRDA:3,1,1,6
BRDA:3,2,0,6
BRDA:3,2,1,0
BRDA:3,3,0,1
BRDA:3,3,1,0
BRDA:3,4,0,0
BRDA:3,4,1,1
BRDA:46,5,0,1
BRDA:46,5,1,7
BRDA:46,6,0,8
BRDA:46,6,1,8
BRDA:48,7,0,6
BRDA:48,7,1,11
BRDA:50,8,0,0
BRDA:50,8,1,1
BRDA:86,9,0,0
BRDA:102,10,0,0
BRDA:102,10,1,5
BRDA:108,11,0,5
BRDA:108,11,1,0
BRDA:110,12,0,0
BRDA:110,12,1,0
BRDA:110,13,0,0
BRDA:110,13,1,0
BRDA:124,14,0,0
BRDA:124,14,1,5
BRDA:129,15,0,5
BRDA:129,15,1,0
BRDA:131,16,0,0
BRDA:131,16,1,0
BRDA:131,17,0,0
BRDA:131,17,1,0
BRDA:145,18,0,2
BRDA:145,18,1,1
BRDA:145,18,2,1
BRDA:145,18,3,2
BRDA:145,18,4,0
BRDA:145,18,5,2
BRDA:161,19,0,0
BRDA:161,19,1,1
BRDA:187,20,0,1
BRDA:187,20,1,1
BRDA:187,20,2,0
BRDA:187,20,3,1
BRDA:187,20,4,0
BRDA:187,20,5,1
BRDA:203,21,0,0
BRDA:203,21,1,0
BRDA:203,22,0,0
BRDA:203,22,1,0
BRDA:232,23,0,3
BRDA:232,23,1,9
BRDA:232,23,2,9
BRDA:232,23,3,6
BRDA:232,23,4,0
BRDA:232,23,5,0
BRDA:232,23,6,0
BRDA:232,23,7,3
BRDA:239,24,0,0
BRDA:239,24,1,3
BRDA:245,25,0,0
BRDA:245,25,1,9
BRDA:256,26,0,0
BRDA:256,26,1,9
BRDA:259,27,0,6
BRDA:259,27,1,3
BRDA:265,28,0,0
BRDA:265,28,1,3
BRDA:265,29,0,3
BRDA:265,29,1,0
BRF:71
BRH:71
end_of_record
TN:
SF:/home/ian/no_subject_webscraper/etc/utils.js
FN:3,(anonymous_1)
FN:3,defineProperties
FN:3,(anonymous_3)
FN:9,_classCallCheck
FN:20,(anonymous_5)
FN:21,Utils
FN:27,fixUtf8
FN:67,getbyte
FN:73,sub
FN:82,fix
FN:84,(anonymous_11)
FN:91,format
FNF:12
FNH:12
FNDA:1,(anonymous_1)
FNDA:1,defineProperties
FNDA:1,(anonymous_3)
FNDA:0,_classCallCheck
FNDA:1,(anonymous_5)
FNDA:0,Utils
FNDA:11,fixUtf8
FNDA:9997,getbyte
FNDA:354,sub
FNDA:11,fix
FNDA:354,(anonymous_11)
FNDA:11,format
DA:0,1
DA:12,11
DA:42,11
DA:44,11
DA:45,297
DA:48,11
DA:49,11
DA:51,1
DA:52,9997
DA:57,1
DA:58,354
DA:59,354
DA:60,9997
DA:62,354
DA:63,354
DA:66,1
DA:67,11
DA:68,22
DA:69,354
DA:72,11
DA:75,1
DA:76,11
DA:79,11
LF:23
LH:23
BRDA:3,1,0,1
BRDA:3,1,1,1
BRDA:3,2,0,1
BRDA:3,2,1,0
BRDA:3,3,0,0
BRDA:3,3,1,1
BRDA:3,4,0,1
BRDA:3,4,1,0
BRDA:9,5,0,0
BRDA:9,5,1,0
BRDA:70,6,0,9997
BRDA:70,6,1,9680
BRF:12
BRH:12
end_of_record
